<testsuites>
  <testsuite name="t_auto_filter_controllerTest_t" failures="0" errors="0" tests="13">
    <testcase name="1 - Testing AutoFilterController-&gt;get_worksheet_auto_filter"></testcase>
    <testcase name="2 - Testing AutoFilterController-&gt;put_worksheet_date_filter"></testcase>
    <testcase name="3 - Testing AutoFilterController-&gt;put_worksheet_filter"></testcase>
    <testcase name="4 - Testing AutoFilterController-&gt;put_worksheet_icon_filter"></testcase>
    <testcase name="5 - Testing AutoFilterController-&gt;put_worksheet_custom_filter"></testcase>
    <testcase name="6 - Testing AutoFilterController-&gt;put_worksheet_dynamic_filter"></testcase>
    <testcase name="7 - Testing AutoFilterController-&gt;put_worksheet_filter_top10"></testcase>
    <testcase name="8 - Testing AutoFilterController-&gt;put_worksheet_color_filter"></testcase>
    <testcase name="9 - Testing AutoFilterController-&gt;post_worksheet_match_blanks"></testcase>
    <testcase name="10 - Testing AutoFilterController-&gt;post_worksheet_match_non_blanks"></testcase>
    <testcase name="11 - Testing AutoFilterController-&gt;post_worksheet_auto_filter_refresh"></testcase>
    <testcase name="12 - Testing AutoFilterController-&gt;delete_worksheet_date_filter"></testcase>
    <testcase name="13 - Testing AutoFilterController-&gt;delete_worksheet_filter"></testcase>
    <system-out><![CDATA[1..13
# Subtest: Testing AutoFilterController->get_worksheet_auto_filter
    ok 1 - get_worksheet_auto_filter test OK
    1..1
ok 1 - Testing AutoFilterController->get_worksheet_auto_filter
# Subtest: Testing AutoFilterController->put_worksheet_date_filter
    ok 1 - put_worksheet_date_filter test OK
    1..1
ok 2 - Testing AutoFilterController->put_worksheet_date_filter
# Subtest: Testing AutoFilterController->put_worksheet_filter
    ok 1 - put_worksheet_filter test OK
    1..1
ok 3 - Testing AutoFilterController->put_worksheet_filter
# Subtest: Testing AutoFilterController->put_worksheet_icon_filter
    ok 1 - put_worksheet_icon_filter test OK
    1..1
ok 4 - Testing AutoFilterController->put_worksheet_icon_filter
# Subtest: Testing AutoFilterController->put_worksheet_custom_filter
    ok 1 - put_worksheet_custom_filter test OK
    1..1
ok 5 - Testing AutoFilterController->put_worksheet_custom_filter
# Subtest: Testing AutoFilterController->put_worksheet_dynamic_filter
    ok 1 - put_worksheet_dynamic_filter test OK
    1..1
ok 6 - Testing AutoFilterController->put_worksheet_dynamic_filter
# Subtest: Testing AutoFilterController->put_worksheet_filter_top10
    ok 1 - put_worksheet_filter_top10 test OK
    1..1
ok 7 - Testing AutoFilterController->put_worksheet_filter_top10
# Subtest: Testing AutoFilterController->put_worksheet_color_filter
    ok 1 - put_worksheet_color_filter test OK
    1..1
ok 8 - Testing AutoFilterController->put_worksheet_color_filter
# Subtest: Testing AutoFilterController->post_worksheet_match_blanks
    ok 1 - post_worksheet_match_blanks test OK
    1..1
ok 9 - Testing AutoFilterController->post_worksheet_match_blanks
# Subtest: Testing AutoFilterController->post_worksheet_match_non_blanks
    ok 1 - post_worksheet_match_non_blanks test OK
    1..1
ok 10 - Testing AutoFilterController->post_worksheet_match_non_blanks
# Subtest: Testing AutoFilterController->post_worksheet_auto_filter_refresh
    ok 1 - post_worksheet_auto_filter_refresh test OK
    1..1
ok 11 - Testing AutoFilterController->post_worksheet_auto_filter_refresh
# Subtest: Testing AutoFilterController->delete_worksheet_date_filter
    ok 1 - delete_worksheet_date_filter test OK
    1..1
ok 12 - Testing AutoFilterController->delete_worksheet_date_filter
# Subtest: Testing AutoFilterController->delete_worksheet_filter
    ok 1 - delete_worksheet_filter test OK
    1..1
ok 13 - Testing AutoFilterController->delete_worksheet_filter
]]></system-out>
    <system-err></system-err>
  </testsuite>
  <testsuite errors="0"
             tests="4"
             failures="0"
             name="t_batch_controllerTest_t">
    <testcase name="1 - Testing BatchController-&gt;post_batch_convert"></testcase>
    <testcase name="2 - Testing BatchController-&gt;post_batch_protect"></testcase>
    <testcase name="3 - Testing BatchController-&gt;post_batch_lock"></testcase>
    <testcase name="4 - Testing BatchController-&gt;post_batch_unlock"></testcase>
    <system-out><![CDATA[1..4
# Subtest: Testing BatchController->post_batch_convert
    ok 1 - post_batch_convert test OK
    1..1
ok 1 - Testing BatchController->post_batch_convert
# Subtest: Testing BatchController->post_batch_protect
    ok 1 - post_batch_protect test OK
    1..1
ok 2 - Testing BatchController->post_batch_protect
# Subtest: Testing BatchController->post_batch_lock
    ok 1 - post_batch_lock test OK
    1..1
ok 3 - Testing BatchController->post_batch_lock
# Subtest: Testing BatchController->post_batch_unlock
    ok 1 - post_batch_unlock test OK
    1..1
ok 4 - Testing BatchController->post_batch_unlock
]]></system-out>
    <system-err></system-err>
  </testsuite>
  <testsuite tests="40"
             errors="0"
             failures="0"
             name="t_cells_controllerTest_t">
    <testcase name="1 - Testing CellsController-&gt;post_clear_contents"></testcase>
    <testcase name="2 - Testing CellsController-&gt;post_clear_formats"></testcase>
    <testcase name="3 - Testing CellsController-&gt;post_update_worksheet_range_style"></testcase>
    <testcase name="4 - Testing CellsController-&gt;post_worksheet_merge"></testcase>
    <testcase name="5 - Testing CellsController-&gt;post_worksheet_unmerge"></testcase>
    <testcase name="6 - Testing CellsController-&gt;get_worksheet_cells"></testcase>
    <testcase name="7 - Testing CellsController-&gt;get_worksheet_cell"></testcase>
    <testcase name="8 - Testing CellsController-&gt;get_worksheet_cell_style"></testcase>
    <testcase name="9 - Testing CellsController-&gt;post_worksheet_cell_set_value"></testcase>
    <testcase name="10 - Testing CellsController-&gt;post_update_worksheet_cell_style"></testcase>
    <testcase name="11 - Testing CellsController-&gt;post_set_cell_range_value"></testcase>
    <testcase name="12 - Testing CellsController-&gt;post_copy_cell_into_cell"></testcase>
    <testcase name="13 - Testing CellsController-&gt;get_cell_html_string"></testcase>
    <testcase name="14 - Testing CellsController-&gt;post_set_cell_html_string"></testcase>
    <testcase name="15 - Testing CellsController-&gt;post_cell_calculate"></testcase>
    <testcase name="16 - Testing CellsController-&gt;post_cell_characters"></testcase>
    <testcase name="17 - Testing CellsController-&gt;get_worksheet_columns"></testcase>
    <testcase name="18 - Testing CellsController-&gt;post_set_worksheet_column_width"></testcase>
    <testcase name="19 - Testing CellsController-&gt;get_worksheet_column"></testcase>
    <testcase name="20 - Testing CellsController-&gt;put_insert_worksheet_columns"></testcase>
    <testcase name="21 - Testing CellsController-&gt;delete_worksheet_columns"></testcase>
    <testcase name="22 - Testing CellsController-&gt;post_hide_worksheet_columns"></testcase>
    <testcase name="23 - Testing CellsController-&gt;post_unhide_worksheet_columns"></testcase>
    <testcase name="24 - Testing CellsController-&gt;post_group_worksheet_columns"></testcase>
    <testcase name="25 - Testing CellsController-&gt;post_ungroup_worksheet_columns"></testcase>
    <testcase name="26 - Testing CellsController-&gt;post_copy_worksheet_columns"></testcase>
    <testcase name="27 - Testing CellsController-&gt;post_column_style"></testcase>
    <testcase name="28 - Testing CellsController-&gt;get_worksheet_rows"></testcase>
    <testcase name="29 - Testing CellsController-&gt;get_worksheet_row"></testcase>
    <testcase name="30 - Testing CellsController-&gt;delete_worksheet_row"></testcase>
    <testcase name="31 - Testing CellsController-&gt;delete_worksheet_rows"></testcase>
    <testcase name="32 - Testing CellsController-&gt;put_insert_worksheet_rows"></testcase>
    <testcase name="33 - Testing CellsController-&gt;put_insert_worksheet_row"></testcase>
    <testcase name="34 - Testing CellsController-&gt;post_update_worksheet_row"></testcase>
    <testcase name="35 - Testing CellsController-&gt;post_hide_worksheet_rows"></testcase>
    <testcase name="36 - Testing CellsController-&gt;post_unhide_worksheet_rows"></testcase>
    <testcase name="37 - Testing CellsController-&gt;post_group_worksheet_rows"></testcase>
    <testcase name="38 - Testing CellsController-&gt;post_ungroup_worksheet_rows"></testcase>
    <testcase name="39 - Testing CellsController-&gt;post_copy_worksheet_rows"></testcase>
    <testcase name="40 - Testing CellsController-&gt;post_row_style"></testcase>
    <system-out><![CDATA[1..40
# Subtest: Testing CellsController->post_clear_contents
    ok 1 - post_clear_contents test OK
    1..1
ok 1 - Testing CellsController->post_clear_contents
# Subtest: Testing CellsController->post_clear_formats
    ok 1 - post_clear_formats test OK
    1..1
ok 2 - Testing CellsController->post_clear_formats
# Subtest: Testing CellsController->post_update_worksheet_range_style
    ok 1 - post_update_worksheet_range_style test OK
    1..1
ok 3 - Testing CellsController->post_update_worksheet_range_style
# Subtest: Testing CellsController->post_worksheet_merge
    ok 1 - post_worksheet_merge test OK
    1..1
ok 4 - Testing CellsController->post_worksheet_merge
# Subtest: Testing CellsController->post_worksheet_unmerge
    ok 1 - post_worksheet_unmerge test OK
    1..1
ok 5 - Testing CellsController->post_worksheet_unmerge
# Subtest: Testing CellsController->get_worksheet_cells
    ok 1 - get_worksheet_cells test OK
    1..1
ok 6 - Testing CellsController->get_worksheet_cells
# Subtest: Testing CellsController->get_worksheet_cell
    ok 1 - get_worksheet_cell test OK
    1..1
ok 7 - Testing CellsController->get_worksheet_cell
# Subtest: Testing CellsController->get_worksheet_cell_style
    ok 1 - get_worksheet_cell_style test OK
    1..1
ok 8 - Testing CellsController->get_worksheet_cell_style
# Subtest: Testing CellsController->post_worksheet_cell_set_value
    ok 1 - post_worksheet_cell_set_value test OK
    1..1
ok 9 - Testing CellsController->post_worksheet_cell_set_value
# Subtest: Testing CellsController->post_update_worksheet_cell_style
    ok 1 - post_update_worksheet_cell_style test OK
    1..1
ok 10 - Testing CellsController->post_update_worksheet_cell_style
# Subtest: Testing CellsController->post_set_cell_range_value
    ok 1 - post_set_cell_range_value test OK
    1..1
ok 11 - Testing CellsController->post_set_cell_range_value
# Subtest: Testing CellsController->post_copy_cell_into_cell
    ok 1 - post_copy_cell_into_cell test OK
    1..1
ok 12 - Testing CellsController->post_copy_cell_into_cell
# Subtest: Testing CellsController->get_cell_html_string
    ok 1 - get_cell_html_string test OK
    1..1
ok 13 - Testing CellsController->get_cell_html_string
# Subtest: Testing CellsController->post_set_cell_html_string
    ok 1 - post_set_cell_html_string test OK
    1..1
ok 14 - Testing CellsController->post_set_cell_html_string
# Subtest: Testing CellsController->post_cell_calculate
    ok 1 - post_cell_calculate test OK
    1..1
ok 15 - Testing CellsController->post_cell_calculate
# Subtest: Testing CellsController->post_cell_characters
    ok 1 - post_cell_characters test OK
    1..1
ok 16 - Testing CellsController->post_cell_characters
# Subtest: Testing CellsController->get_worksheet_columns
    ok 1 - get_worksheet_columns test OK
    1..1
ok 17 - Testing CellsController->get_worksheet_columns
# Subtest: Testing CellsController->post_set_worksheet_column_width
    ok 1 - post_set_worksheet_column_width test OK
    1..1
ok 18 - Testing CellsController->post_set_worksheet_column_width
# Subtest: Testing CellsController->get_worksheet_column
    ok 1 - get_worksheet_column test OK
    1..1
ok 19 - Testing CellsController->get_worksheet_column
# Subtest: Testing CellsController->put_insert_worksheet_columns
    ok 1 - put_insert_worksheet_columns test OK
    1..1
ok 20 - Testing CellsController->put_insert_worksheet_columns
# Subtest: Testing CellsController->delete_worksheet_columns
    ok 1 - delete_worksheet_columns test OK
    1..1
ok 21 - Testing CellsController->delete_worksheet_columns
# Subtest: Testing CellsController->post_hide_worksheet_columns
    ok 1 - post_hide_worksheet_columns test OK
    1..1
ok 22 - Testing CellsController->post_hide_worksheet_columns
# Subtest: Testing CellsController->post_unhide_worksheet_columns
    ok 1 - post_unhide_worksheet_columns test OK
    1..1
ok 23 - Testing CellsController->post_unhide_worksheet_columns
# Subtest: Testing CellsController->post_group_worksheet_columns
    ok 1 - post_group_worksheet_columns test OK
    1..1
ok 24 - Testing CellsController->post_group_worksheet_columns
# Subtest: Testing CellsController->post_ungroup_worksheet_columns
    ok 1 - post_ungroup_worksheet_columns test OK
    1..1
ok 25 - Testing CellsController->post_ungroup_worksheet_columns
# Subtest: Testing CellsController->post_copy_worksheet_columns
    ok 1 - post_copy_worksheet_columns test OK
    1..1
ok 26 - Testing CellsController->post_copy_worksheet_columns
# Subtest: Testing CellsController->post_column_style
    ok 1 - post_column_style test OK
    1..1
ok 27 - Testing CellsController->post_column_style
# Subtest: Testing CellsController->get_worksheet_rows
    ok 1 - get_worksheet_rows test OK
    1..1
ok 28 - Testing CellsController->get_worksheet_rows
# Subtest: Testing CellsController->get_worksheet_row
    ok 1 - get_worksheet_row test OK
    1..1
ok 29 - Testing CellsController->get_worksheet_row
# Subtest: Testing CellsController->delete_worksheet_row
    ok 1 - delete_worksheet_row test OK
    1..1
ok 30 - Testing CellsController->delete_worksheet_row
# Subtest: Testing CellsController->delete_worksheet_rows
    ok 1 - delete_worksheet_rows test OK
    1..1
ok 31 - Testing CellsController->delete_worksheet_rows
# Subtest: Testing CellsController->put_insert_worksheet_rows
    ok 1 - put_insert_worksheet_rows test OK
    1..1
ok 32 - Testing CellsController->put_insert_worksheet_rows
# Subtest: Testing CellsController->put_insert_worksheet_row
    ok 1 - put_insert_worksheet_row test OK
    1..1
ok 33 - Testing CellsController->put_insert_worksheet_row
# Subtest: Testing CellsController->post_update_worksheet_row
    ok 1 - post_update_worksheet_row test OK
    1..1
ok 34 - Testing CellsController->post_update_worksheet_row
# Subtest: Testing CellsController->post_hide_worksheet_rows
    ok 1 - post_hide_worksheet_rows test OK
    1..1
ok 35 - Testing CellsController->post_hide_worksheet_rows
# Subtest: Testing CellsController->post_unhide_worksheet_rows
    ok 1 - post_unhide_worksheet_rows test OK
    1..1
ok 36 - Testing CellsController->post_unhide_worksheet_rows
# Subtest: Testing CellsController->post_group_worksheet_rows
    ok 1 - post_group_worksheet_rows test OK
    1..1
ok 37 - Testing CellsController->post_group_worksheet_rows
# Subtest: Testing CellsController->post_ungroup_worksheet_rows
    ok 1 - post_ungroup_worksheet_rows test OK
    1..1
ok 38 - Testing CellsController->post_ungroup_worksheet_rows
# Subtest: Testing CellsController->post_copy_worksheet_rows
    ok 1 - post_copy_worksheet_rows test OK
    1..1
ok 39 - Testing CellsController->post_copy_worksheet_rows
# Subtest: Testing CellsController->post_row_style
    ok 1 - post_row_style test OK
    1..1
ok 40 - Testing CellsController->post_row_style
]]></system-out>
    <system-err></system-err>
  </testsuite>
  <testsuite name="t_cells_status_controllerTest_t" failures="0" errors="0" tests="2">
    <testcase name="1 - Testing CellsStatusController-&gt;get_cells_cloud_services_health_check"></testcase>
    <testcase name="2 - Testing CellsStatusController-&gt;get_cells_cloud_service_status"></testcase>
    <system-out><![CDATA[1..2
# Subtest: Testing CellsStatusController->get_cells_cloud_services_health_check
    ok 1 - get_cells_cloud_services_health_check test OK
    1..1
ok 1 - Testing CellsStatusController->get_cells_cloud_services_health_check
# Subtest: Testing CellsStatusController->get_cells_cloud_service_status
    ok 1 - get_cells_cloud_service_status test OK
    1..1
ok 2 - Testing CellsStatusController->get_cells_cloud_service_status
]]></system-out>
    <system-err></system-err>
  </testsuite>
  <testsuite name="t_chart_area_controllerTest_t" failures="0" tests="3" errors="0">
    <testcase name="1 - Testing ChartAreaController-&gt;get_chart_area"></testcase>
    <testcase name="2 - Testing ChartAreaController-&gt;get_chart_area_fill_format"></testcase>
    <testcase name="3 - Testing ChartAreaController-&gt;get_chart_area_border"></testcase>
    <system-out><![CDATA[1..3
# Subtest: Testing ChartAreaController->get_chart_area
    ok 1 - get_chart_area test OK
    1..1
ok 1 - Testing ChartAreaController->get_chart_area
# Subtest: Testing ChartAreaController->get_chart_area_fill_format
    ok 1 - get_chart_area_fill_format test OK
    1..1
ok 2 - Testing ChartAreaController->get_chart_area_fill_format
# Subtest: Testing ChartAreaController->get_chart_area_border
    ok 1 - get_chart_area_border test OK
    1..1
ok 3 - Testing ChartAreaController->get_chart_area_border
]]></system-out>
    <system-err></system-err>
  </testsuite>
  <testsuite name="t_charts_controllerTest_t" failures="0" tests="14" errors="0">
    <testcase name="1 - Testing ChartsController-&gt;get_worksheet_charts"></testcase>
    <testcase name="2 - Testing ChartsController-&gt;get_worksheet_chart"></testcase>
    <testcase name="3 - Testing ChartsController-&gt;put_worksheet_chart"></testcase>
    <testcase name="4 - Testing ChartsController-&gt;delete_worksheet_chart"></testcase>
    <testcase name="5 - Testing ChartsController-&gt;post_worksheet_chart"></testcase>
    <testcase name="6 - Testing ChartsController-&gt;get_worksheet_chart_legend"></testcase>
    <testcase name="7 - Testing ChartsController-&gt;post_worksheet_chart_legend"></testcase>
    <testcase name="8 - Testing ChartsController-&gt;put_worksheet_chart_legend"></testcase>
    <testcase name="9 - Testing ChartsController-&gt;delete_worksheet_chart_legend"></testcase>
    <testcase name="10 - Testing ChartsController-&gt;delete_worksheet_charts"></testcase>
    <testcase name="11 - Testing ChartsController-&gt;get_worksheet_chart_title"></testcase>
    <testcase name="12 - Testing ChartsController-&gt;post_worksheet_chart_title"></testcase>
    <testcase name="13 - Testing ChartsController-&gt;put_worksheet_chart_title"></testcase>
    <testcase name="14 - Testing ChartsController-&gt;delete_worksheet_chart_title"></testcase>
    <system-out><![CDATA[1..14
# Subtest: Testing ChartsController->get_worksheet_charts
    ok 1 - get_worksheet_charts test OK
    1..1
ok 1 - Testing ChartsController->get_worksheet_charts
# Subtest: Testing ChartsController->get_worksheet_chart
    ok 1 - get_worksheet_chart test OK
    1..1
ok 2 - Testing ChartsController->get_worksheet_chart
# Subtest: Testing ChartsController->put_worksheet_chart
    ok 1 - put_worksheet_chart test OK
    1..1
ok 3 - Testing ChartsController->put_worksheet_chart
# Subtest: Testing ChartsController->delete_worksheet_chart
    ok 1 - delete_worksheet_chart test OK
    1..1
ok 4 - Testing ChartsController->delete_worksheet_chart
# Subtest: Testing ChartsController->post_worksheet_chart
    ok 1 - post_worksheet_chart test OK
    1..1
ok 5 - Testing ChartsController->post_worksheet_chart
# Subtest: Testing ChartsController->get_worksheet_chart_legend
    ok 1 - get_worksheet_chart_legend test OK
    1..1
ok 6 - Testing ChartsController->get_worksheet_chart_legend
# Subtest: Testing ChartsController->post_worksheet_chart_legend
    ok 1 - post_worksheet_chart_legend test OK
    1..1
ok 7 - Testing ChartsController->post_worksheet_chart_legend
# Subtest: Testing ChartsController->put_worksheet_chart_legend
    ok 1 - put_worksheet_chart_legend test OK
    1..1
ok 8 - Testing ChartsController->put_worksheet_chart_legend
# Subtest: Testing ChartsController->delete_worksheet_chart_legend
    ok 1 - delete_worksheet_chart_legend test OK
    1..1
ok 9 - Testing ChartsController->delete_worksheet_chart_legend
# Subtest: Testing ChartsController->delete_worksheet_charts
    ok 1 - delete_worksheet_charts test OK
    1..1
ok 10 - Testing ChartsController->delete_worksheet_charts
# Subtest: Testing ChartsController->get_worksheet_chart_title
    ok 1 - get_worksheet_chart_title test OK
    1..1
ok 11 - Testing ChartsController->get_worksheet_chart_title
# Subtest: Testing ChartsController->post_worksheet_chart_title
    ok 1 - post_worksheet_chart_title test OK
    1..1
ok 12 - Testing ChartsController->post_worksheet_chart_title
# Subtest: Testing ChartsController->put_worksheet_chart_title
    ok 1 - put_worksheet_chart_title test OK
    1..1
ok 13 - Testing ChartsController->put_worksheet_chart_title
# Subtest: Testing ChartsController->delete_worksheet_chart_title
    ok 1 - delete_worksheet_chart_title test OK
    1..1
ok 14 - Testing ChartsController->delete_worksheet_chart_title
]]></system-out>
    <system-err></system-err>
  </testsuite>
  <testsuite tests="9"
             errors="0"
             name="t_conditional_formattings_controllerTest_t"
             failures="0">
    <testcase name="1 - Testing ConditionalFormattingsController-&gt;get_worksheet_conditional_formattings"></testcase>
    <testcase name="2 - Testing ConditionalFormattingsController-&gt;get_worksheet_conditional_formatting"></testcase>
    <testcase name="3 - Testing ConditionalFormattingsController-&gt;put_worksheet_conditional_formatting"></testcase>
    <testcase name="4 - Testing ConditionalFormattingsController-&gt;put_worksheet_format_condition"></testcase>
    <testcase name="5 - Testing ConditionalFormattingsController-&gt;put_worksheet_format_condition_area"></testcase>
    <testcase name="6 - Testing ConditionalFormattingsController-&gt;put_worksheet_format_condition_condition"></testcase>
    <testcase name="7 - Testing ConditionalFormattingsController-&gt;delete_worksheet_conditional_formattings"></testcase>
    <testcase name="8 - Testing ConditionalFormattingsController-&gt;delete_worksheet_conditional_formatting"></testcase>
    <testcase name="9 - Testing ConditionalFormattingsController-&gt;delete_worksheet_conditional_formatting_area"></testcase>
    <system-out><![CDATA[1..9
# Subtest: Testing ConditionalFormattingsController->get_worksheet_conditional_formattings
    ok 1 - get_worksheet_conditional_formattings test OK
    1..1
ok 1 - Testing ConditionalFormattingsController->get_worksheet_conditional_formattings
# Subtest: Testing ConditionalFormattingsController->get_worksheet_conditional_formatting
    ok 1 - get_worksheet_conditional_formatting test OK
    1..1
ok 2 - Testing ConditionalFormattingsController->get_worksheet_conditional_formatting
# Subtest: Testing ConditionalFormattingsController->put_worksheet_conditional_formatting
    ok 1 - put_worksheet_conditional_formatting test OK
    1..1
ok 3 - Testing ConditionalFormattingsController->put_worksheet_conditional_formatting
# Subtest: Testing ConditionalFormattingsController->put_worksheet_format_condition
    ok 1 - put_worksheet_format_condition test OK
    1..1
ok 4 - Testing ConditionalFormattingsController->put_worksheet_format_condition
# Subtest: Testing ConditionalFormattingsController->put_worksheet_format_condition_area
    ok 1 - put_worksheet_format_condition_area test OK
    1..1
ok 5 - Testing ConditionalFormattingsController->put_worksheet_format_condition_area
# Subtest: Testing ConditionalFormattingsController->put_worksheet_format_condition_condition
    ok 1 - put_worksheet_format_condition_condition test OK
    1..1
ok 6 - Testing ConditionalFormattingsController->put_worksheet_format_condition_condition
# Subtest: Testing ConditionalFormattingsController->delete_worksheet_conditional_formattings
    ok 1 - delete_worksheet_conditional_formattings test OK
    1..1
ok 7 - Testing ConditionalFormattingsController->delete_worksheet_conditional_formattings
# Subtest: Testing ConditionalFormattingsController->delete_worksheet_conditional_formatting
    ok 1 - delete_worksheet_conditional_formatting test OK
    1..1
ok 8 - Testing ConditionalFormattingsController->delete_worksheet_conditional_formatting
# Subtest: Testing ConditionalFormattingsController->delete_worksheet_conditional_formatting_area
    ok 1 - delete_worksheet_conditional_formatting_area test OK
    1..1
ok 9 - Testing ConditionalFormattingsController->delete_worksheet_conditional_formatting_area
]]></system-out>
    <system-err></system-err>
  </testsuite>
  <testsuite errors="0"
             tests="75"
             name="t_conversionTest_t"
             failures="0">
    <testcase name="1 - Testing Conversion-&gt;post_workbook_save_as"></testcase>
    <testcase name="2 - Testing Conversion-&gt;post_workbook_save_as"></testcase>
    <testcase name="3 - Testing Conversion-&gt;post_workbook_save_as"></testcase>
    <testcase name="4 - Testing Conversion-&gt;post_workbook_save_as"></testcase>
    <testcase name="5 - Testing Conversion-&gt;post_workbook_save_as"></testcase>
    <testcase name="6 - Testing Conversion-&gt;post_workbook_save_as"></testcase>
    <testcase name="7 - Testing Conversion-&gt;post_workbook_save_as"></testcase>
    <testcase name="8 - Testing Conversion-&gt;post_workbook_save_as"></testcase>
    <testcase name="9 - Testing Conversion-&gt;post_workbook_save_as"></testcase>
    <testcase name="10 - Testing Conversion-&gt;post_workbook_save_as"></testcase>
    <testcase name="11 - Testing Conversion-&gt;post_workbook_save_as"></testcase>
    <testcase name="12 - Testing Conversion-&gt;post_workbook_save_as"></testcase>
    <testcase name="13 - Testing Conversion-&gt;post_workbook_save_as"></testcase>
    <testcase name="14 - Testing Conversion-&gt;post_workbook_save_as"></testcase>
    <testcase name="15 - Testing Conversion-&gt;post_workbook_save_as"></testcase>
    <testcase name="16 - Testing Conversion-&gt;post_workbook_save_as"></testcase>
    <testcase name="17 - Testing Conversion-&gt;post_workbook_save_as"></testcase>
    <testcase name="18 - Testing Conversion-&gt;post_workbook_save_as"></testcase>
    <testcase name="19 - Testing Conversion-&gt;get_workbook"></testcase>
    <testcase name="20 - Testing Conversion-&gt;get_workbook"></testcase>
    <testcase name="21 - Testing Conversion-&gt;get_workbook"></testcase>
    <testcase name="22 - Testing Conversion-&gt;get_workbook"></testcase>
    <testcase name="23 - Testing Conversion-&gt;get_workbook"></testcase>
    <testcase name="24 - Testing Conversion-&gt;get_workbook"></testcase>
    <testcase name="25 - Testing Conversion-&gt;get_workbook"></testcase>
    <testcase name="26 - Testing Conversion-&gt;get_workbook"></testcase>
    <testcase name="27 - Testing Conversion-&gt;get_workbook"></testcase>
    <testcase name="28 - Testing Conversion-&gt;get_workbook"></testcase>
    <testcase name="29 - Testing Conversion-&gt;get_workbook"></testcase>
    <testcase name="30 - Testing Conversion-&gt;get_workbook"></testcase>
    <testcase name="31 - Testing Conversion-&gt;get_workbook"></testcase>
    <testcase name="32 - Testing Conversion-&gt;get_workbook"></testcase>
    <testcase name="33 - Testing Conversion-&gt;get_workbook"></testcase>
    <testcase name="34 - Testing Conversion-&gt;get_workbook"></testcase>
    <testcase name="35 - Testing Conversion-&gt;get_workbook"></testcase>
    <testcase name="36 - Testing Conversion-&gt;put_convert_workbook"></testcase>
    <testcase name="37 - Testing Conversion-&gt;put_convert_workbook"></testcase>
    <testcase name="38 - Testing Conversion-&gt;put_convert_workbook"></testcase>
    <testcase name="39 - Testing Conversion-&gt;put_convert_workbook"></testcase>
    <testcase name="40 - Testing Conversion-&gt;put_convert_workbook"></testcase>
    <testcase name="41 - Testing Conversion-&gt;put_convert_workbook"></testcase>
    <testcase name="42 - Testing Conversion-&gt;put_convert_workbook"></testcase>
    <testcase name="43 - Testing Conversion-&gt;put_convert_workbook"></testcase>
    <testcase name="44 - Testing Conversion-&gt;put_convert_workbook"></testcase>
    <testcase name="45 - Testing Conversion-&gt;put_convert_workbook"></testcase>
    <testcase name="46 - Testing Conversion-&gt;put_convert_workbook"></testcase>
    <testcase name="47 - Testing Conversion-&gt;put_convert_workbook"></testcase>
    <testcase name="48 - Testing Conversion-&gt;put_convert_workbook"></testcase>
    <testcase name="49 - Testing Conversion-&gt;put_convert_workbook"></testcase>
    <testcase name="50 - Testing Conversion-&gt;put_convert_workbook"></testcase>
    <testcase name="51 - Testing Conversion-&gt;put_convert_workbook"></testcase>
    <testcase name="52 - Testing Conversion-&gt;put_convert_workbook"></testcase>
    <testcase name="53 - Testing Conversion-&gt;put_convert_workbook"></testcase>
    <testcase name="54 - Testing Conversion-&gt;put_convert_workbook"></testcase>
    <testcase name="55 - Testing Conversion-&gt;put_convert_workbook"></testcase>
    <testcase name="56 - Testing Conversion-&gt;put_convert_workbook"></testcase>
    <testcase name="57 - Testing Conversion-&gt;put_convert_workbook"></testcase>
    <testcase name="58 - Testing Conversion-&gt;put_convert_workbook"></testcase>
    <testcase name="59 - Testing Conversion-&gt;put_convert_workbook"></testcase>
    <testcase name="60 - Testing Conversion-&gt;put_convert_workbook"></testcase>
    <testcase name="61 - Testing Conversion-&gt;put_convert_workbook"></testcase>
    <testcase name="62 - Testing Conversion-&gt;put_convert_workbook"></testcase>
    <testcase name="63 - Testing Conversion-&gt;put_convert_workbook"></testcase>
    <testcase name="64 - Testing Conversion-&gt;put_convert_workbook"></testcase>
    <testcase name="65 - Testing Conversion-&gt;put_convert_workbook"></testcase>
    <testcase name="66 - Testing Conversion-&gt;put_convert_workbook"></testcase>
    <testcase name="67 - Testing Conversion-&gt;put_convert_workbook"></testcase>
    <testcase name="68 - Testing Conversion-&gt;put_convert_workbook"></testcase>
    <testcase name="69 - Testing Conversion-&gt;put_convert_workbook"></testcase>
    <testcase name="70 - Testing Conversion-&gt;put_convert_workbook"></testcase>
    <testcase name="71 - Testing Conversion-&gt;put_convert_workbook"></testcase>
    <testcase name="72 - Testing Conversion-&gt;put_convert_workbook"></testcase>
    <testcase name="73 - Testing Conversion-&gt;put_convert_workbook"></testcase>
    <testcase name="74 - Testing Conversion-&gt;put_convert_workbook"></testcase>
    <testcase name="75 - Testing Conversion-&gt;put_convert_workbook"></testcase>
    <system-out><![CDATA[1..75
# Subtest: Testing Conversion->post_workbook_save_as
    ok 1 - post_workbook_save_as test OK
    1..1
ok 1 - Testing Conversion->post_workbook_save_as
# Subtest: Testing Conversion->post_workbook_save_as
    ok 1 - post_workbook_save_as test OK
    1..1
ok 2 - Testing Conversion->post_workbook_save_as
# Subtest: Testing Conversion->post_workbook_save_as
    ok 1 - post_workbook_save_as test OK
    1..1
ok 3 - Testing Conversion->post_workbook_save_as
# Subtest: Testing Conversion->post_workbook_save_as
    ok 1 - post_workbook_save_as test OK
    1..1
ok 4 - Testing Conversion->post_workbook_save_as
# Subtest: Testing Conversion->post_workbook_save_as
    ok 1 - post_workbook_save_as test OK
    1..1
ok 5 - Testing Conversion->post_workbook_save_as
# Subtest: Testing Conversion->post_workbook_save_as
    ok 1 - post_workbook_save_as test OK
    1..1
ok 6 - Testing Conversion->post_workbook_save_as
# Subtest: Testing Conversion->post_workbook_save_as
    ok 1 - post_workbook_save_as test OK
    1..1
ok 7 - Testing Conversion->post_workbook_save_as
# Subtest: Testing Conversion->post_workbook_save_as
    ok 1 - post_workbook_save_as test OK
    1..1
ok 8 - Testing Conversion->post_workbook_save_as
# Subtest: Testing Conversion->post_workbook_save_as
    ok 1 - post_workbook_save_as test OK
    1..1
ok 9 - Testing Conversion->post_workbook_save_as
# Subtest: Testing Conversion->post_workbook_save_as
    ok 1 - post_workbook_save_as test OK
    1..1
ok 10 - Testing Conversion->post_workbook_save_as
# Subtest: Testing Conversion->post_workbook_save_as
    ok 1 - post_workbook_save_as test OK
    1..1
ok 11 - Testing Conversion->post_workbook_save_as
# Subtest: Testing Conversion->post_workbook_save_as
    ok 1 - post_workbook_save_as test OK
    1..1
ok 12 - Testing Conversion->post_workbook_save_as
# Subtest: Testing Conversion->post_workbook_save_as
    ok 1 - post_workbook_save_as test OK
    1..1
ok 13 - Testing Conversion->post_workbook_save_as
# Subtest: Testing Conversion->post_workbook_save_as
    ok 1 - post_workbook_save_as test OK
    1..1
ok 14 - Testing Conversion->post_workbook_save_as
# Subtest: Testing Conversion->post_workbook_save_as
    ok 1 - post_workbook_save_as test OK
    1..1
ok 15 - Testing Conversion->post_workbook_save_as
# Subtest: Testing Conversion->post_workbook_save_as
    ok 1 - post_workbook_save_as test OK
    1..1
ok 16 - Testing Conversion->post_workbook_save_as
# Subtest: Testing Conversion->post_workbook_save_as
    ok 1 - post_workbook_save_as test OK
    1..1
ok 17 - Testing Conversion->post_workbook_save_as
# Subtest: Testing Conversion->post_workbook_save_as
    ok 1 - post_workbook_save_as test OK
    1..1
ok 18 - Testing Conversion->post_workbook_save_as
# Subtest: Testing Conversion->get_workbook
    ok 1 - get_workbook test OK
    1..1
ok 19 - Testing Conversion->get_workbook
# Subtest: Testing Conversion->get_workbook
    ok 1 - get_workbook test OK
    1..1
ok 20 - Testing Conversion->get_workbook
# Subtest: Testing Conversion->get_workbook
    ok 1 - get_workbook test OK
    1..1
ok 21 - Testing Conversion->get_workbook
# Subtest: Testing Conversion->get_workbook
    ok 1 - get_workbook test OK
    1..1
ok 22 - Testing Conversion->get_workbook
# Subtest: Testing Conversion->get_workbook
    ok 1 - get_workbook test OK
    1..1
ok 23 - Testing Conversion->get_workbook
# Subtest: Testing Conversion->get_workbook
    ok 1 - get_workbook test OK
    1..1
ok 24 - Testing Conversion->get_workbook
# Subtest: Testing Conversion->get_workbook
    ok 1 - get_workbook test OK
    1..1
ok 25 - Testing Conversion->get_workbook
# Subtest: Testing Conversion->get_workbook
    ok 1 - get_workbook test OK
    1..1
ok 26 - Testing Conversion->get_workbook
# Subtest: Testing Conversion->get_workbook
    ok 1 - get_workbook test OK
    1..1
ok 27 - Testing Conversion->get_workbook
# Subtest: Testing Conversion->get_workbook
    ok 1 - get_workbook test OK
    1..1
ok 28 - Testing Conversion->get_workbook
# Subtest: Testing Conversion->get_workbook
    ok 1 - get_workbook test OK
    1..1
ok 29 - Testing Conversion->get_workbook
# Subtest: Testing Conversion->get_workbook
    ok 1 - get_workbook test OK
    1..1
ok 30 - Testing Conversion->get_workbook
# Subtest: Testing Conversion->get_workbook
    ok 1 - get_workbook test OK
    1..1
ok 31 - Testing Conversion->get_workbook
# Subtest: Testing Conversion->get_workbook
    ok 1 - get_workbook test OK
    1..1
ok 32 - Testing Conversion->get_workbook
# Subtest: Testing Conversion->get_workbook
    ok 1 - get_workbook test OK
    1..1
ok 33 - Testing Conversion->get_workbook
# Subtest: Testing Conversion->get_workbook
    ok 1 - get_workbook test OK
    1..1
ok 34 - Testing Conversion->get_workbook
# Subtest: Testing Conversion->get_workbook
    ok 1 - get_workbook test OK
    1..1
ok 35 - Testing Conversion->get_workbook
# Subtest: Testing Conversion->put_convert_workbook
    ok 1 - put_convert_workbook test OK
    1..1
ok 36 - Testing Conversion->put_convert_workbook
# Subtest: Testing Conversion->put_convert_workbook
    ok 1 - put_convert_workbook test OK
    1..1
ok 37 - Testing Conversion->put_convert_workbook
# Subtest: Testing Conversion->put_convert_workbook
    ok 1 - put_convert_workbook test OK
    1..1
ok 38 - Testing Conversion->put_convert_workbook
# Subtest: Testing Conversion->put_convert_workbook
    ok 1 - put_convert_workbook test OK
    1..1
ok 39 - Testing Conversion->put_convert_workbook
# Subtest: Testing Conversion->put_convert_workbook
    ok 1 - put_convert_workbook test OK
    1..1
ok 40 - Testing Conversion->put_convert_workbook
# Subtest: Testing Conversion->put_convert_workbook
    ok 1 - put_convert_workbook test OK
    1..1
ok 41 - Testing Conversion->put_convert_workbook
# Subtest: Testing Conversion->put_convert_workbook
    ok 1 - put_convert_workbook test OK
    1..1
ok 42 - Testing Conversion->put_convert_workbook
# Subtest: Testing Conversion->put_convert_workbook
    ok 1 - put_convert_workbook test OK
    1..1
ok 43 - Testing Conversion->put_convert_workbook
# Subtest: Testing Conversion->put_convert_workbook
    ok 1 - put_convert_workbook test OK
    1..1
ok 44 - Testing Conversion->put_convert_workbook
# Subtest: Testing Conversion->put_convert_workbook
    ok 1 - put_convert_workbook test OK
    1..1
ok 45 - Testing Conversion->put_convert_workbook
# Subtest: Testing Conversion->put_convert_workbook
    ok 1 - put_convert_workbook test OK
    1..1
ok 46 - Testing Conversion->put_convert_workbook
# Subtest: Testing Conversion->put_convert_workbook
    ok 1 - put_convert_workbook test OK
    1..1
ok 47 - Testing Conversion->put_convert_workbook
# Subtest: Testing Conversion->put_convert_workbook
    ok 1 - put_convert_workbook test OK
    1..1
ok 48 - Testing Conversion->put_convert_workbook
# Subtest: Testing Conversion->put_convert_workbook
    ok 1 - put_convert_workbook test OK
    1..1
ok 49 - Testing Conversion->put_convert_workbook
# Subtest: Testing Conversion->put_convert_workbook
    ok 1 - put_convert_workbook test OK
    1..1
ok 50 - Testing Conversion->put_convert_workbook
# Subtest: Testing Conversion->put_convert_workbook
    ok 1 - put_convert_workbook test OK
    1..1
ok 51 - Testing Conversion->put_convert_workbook
# Subtest: Testing Conversion->put_convert_workbook
    ok 1 - put_convert_workbook test OK
    1..1
ok 52 - Testing Conversion->put_convert_workbook
# Subtest: Testing Conversion->put_convert_workbook
    ok 1 - put_convert_workbook test OK
    1..1
ok 53 - Testing Conversion->put_convert_workbook
# Subtest: Testing Conversion->put_convert_workbook
    ok 1 - put_convert_workbook test OK
    1..1
ok 54 - Testing Conversion->put_convert_workbook
# Subtest: Testing Conversion->put_convert_workbook
    ok 1 - put_convert_workbook test OK
    1..1
ok 55 - Testing Conversion->put_convert_workbook
# Subtest: Testing Conversion->put_convert_workbook
    ok 1 - put_convert_workbook test OK
    1..1
ok 56 - Testing Conversion->put_convert_workbook
# Subtest: Testing Conversion->put_convert_workbook
    ok 1 - put_convert_workbook test OK
    1..1
ok 57 - Testing Conversion->put_convert_workbook
# Subtest: Testing Conversion->put_convert_workbook
    ok 1 - put_convert_workbook test OK
    1..1
ok 58 - Testing Conversion->put_convert_workbook
# Subtest: Testing Conversion->put_convert_workbook
    ok 1 - put_convert_workbook test OK
    1..1
ok 59 - Testing Conversion->put_convert_workbook
# Subtest: Testing Conversion->put_convert_workbook
    ok 1 - put_convert_workbook test OK
    1..1
ok 60 - Testing Conversion->put_convert_workbook
# Subtest: Testing Conversion->put_convert_workbook
    ok 1 - put_convert_workbook test OK
    1..1
ok 61 - Testing Conversion->put_convert_workbook
# Subtest: Testing Conversion->put_convert_workbook
    ok 1 - put_convert_workbook test OK
    1..1
ok 62 - Testing Conversion->put_convert_workbook
# Subtest: Testing Conversion->put_convert_workbook
    ok 1 - put_convert_workbook test OK
    1..1
ok 63 - Testing Conversion->put_convert_workbook
# Subtest: Testing Conversion->put_convert_workbook
    ok 1 - put_convert_workbook test OK
    1..1
ok 64 - Testing Conversion->put_convert_workbook
# Subtest: Testing Conversion->put_convert_workbook
    ok 1 - put_convert_workbook test OK
    1..1
ok 65 - Testing Conversion->put_convert_workbook
# Subtest: Testing Conversion->put_convert_workbook
    ok 1 - put_convert_workbook test OK
    1..1
ok 66 - Testing Conversion->put_convert_workbook
# Subtest: Testing Conversion->put_convert_workbook
    ok 1 - put_convert_workbook test OK
    1..1
ok 67 - Testing Conversion->put_convert_workbook
# Subtest: Testing Conversion->put_convert_workbook
    ok 1 - put_convert_workbook test OK
    1..1
ok 68 - Testing Conversion->put_convert_workbook
# Subtest: Testing Conversion->put_convert_workbook
    ok 1 - put_convert_workbook test OK
    1..1
ok 69 - Testing Conversion->put_convert_workbook
# Subtest: Testing Conversion->put_convert_workbook
    ok 1 - put_convert_workbook test OK
    1..1
ok 70 - Testing Conversion->put_convert_workbook
# Subtest: Testing Conversion->put_convert_workbook
    ok 1 - put_convert_workbook test OK
    1..1
ok 71 - Testing Conversion->put_convert_workbook
# Subtest: Testing Conversion->put_convert_workbook
    ok 1 - put_convert_workbook test OK
    1..1
ok 72 - Testing Conversion->put_convert_workbook
# Subtest: Testing Conversion->put_convert_workbook
    ok 1 - put_convert_workbook test OK
    1..1
ok 73 - Testing Conversion->put_convert_workbook
# Subtest: Testing Conversion->put_convert_workbook
    ok 1 - put_convert_workbook test OK
    1..1
ok 74 - Testing Conversion->put_convert_workbook
# Subtest: Testing Conversion->put_convert_workbook
    ok 1 - put_convert_workbook test OK
    1..1
ok 75 - Testing Conversion->put_convert_workbook
]]></system-out>
    <system-err></system-err>
  </testsuite>
  <testsuite name="t_conversion_jsonTest_t" failures="0" errors="0" tests="17">
    <testcase name="1 - Testing ConversionJson-&gt;put_convert_workbook"></testcase>
    <testcase name="2 - Testing ConversionJson-&gt;put_convert_workbook"></testcase>
    <testcase name="3 - Testing ConversionJson-&gt;put_convert_workbook"></testcase>
    <testcase name="4 - Testing ConversionJson-&gt;put_convert_workbook"></testcase>
    <testcase name="5 - Testing ConversionJson-&gt;put_convert_workbook"></testcase>
    <testcase name="6 - Testing ConversionJson-&gt;put_convert_workbook"></testcase>
    <testcase name="7 - Testing ConversionJson-&gt;put_convert_workbook"></testcase>
    <testcase name="8 - Testing ConversionJson-&gt;put_convert_workbook"></testcase>
    <testcase name="9 - Testing ConversionJson-&gt;put_convert_workbook"></testcase>
    <testcase name="10 - Testing ConversionJson-&gt;put_convert_workbook"></testcase>
    <testcase name="11 - Testing ConversionJson-&gt;put_convert_workbook"></testcase>
    <testcase name="12 - Testing ConversionJson-&gt;put_convert_workbook"></testcase>
    <testcase name="13 - Testing ConversionJson-&gt;put_convert_workbook"></testcase>
    <testcase name="14 - Testing ConversionJson-&gt;put_convert_workbook"></testcase>
    <testcase name="15 - Testing ConversionJson-&gt;put_convert_workbook"></testcase>
    <testcase name="16 - Testing ConversionJson-&gt;put_convert_workbook"></testcase>
    <testcase name="17 - Testing ConversionJson-&gt;put_convert_workbook"></testcase>
    <system-out><![CDATA[1..17
# Subtest: Testing ConversionJson->put_convert_workbook
    ok 1 - put_convert_workbook test OK
    1..1
ok 1 - Testing ConversionJson->put_convert_workbook
# Subtest: Testing ConversionJson->put_convert_workbook
    ok 1 - put_convert_workbook test OK
    1..1
ok 2 - Testing ConversionJson->put_convert_workbook
# Subtest: Testing ConversionJson->put_convert_workbook
    ok 1 - put_convert_workbook test OK
    1..1
ok 3 - Testing ConversionJson->put_convert_workbook
# Subtest: Testing ConversionJson->put_convert_workbook
    ok 1 - put_convert_workbook test OK
    1..1
ok 4 - Testing ConversionJson->put_convert_workbook
# Subtest: Testing ConversionJson->put_convert_workbook
    ok 1 - put_convert_workbook test OK
    1..1
ok 5 - Testing ConversionJson->put_convert_workbook
# Subtest: Testing ConversionJson->put_convert_workbook
    ok 1 - put_convert_workbook test OK
    1..1
ok 6 - Testing ConversionJson->put_convert_workbook
# Subtest: Testing ConversionJson->put_convert_workbook
    ok 1 - put_convert_workbook test OK
    1..1
ok 7 - Testing ConversionJson->put_convert_workbook
# Subtest: Testing ConversionJson->put_convert_workbook
    ok 1 - put_convert_workbook test OK
    1..1
ok 8 - Testing ConversionJson->put_convert_workbook
# Subtest: Testing ConversionJson->put_convert_workbook
    ok 1 - put_convert_workbook test OK
    1..1
ok 9 - Testing ConversionJson->put_convert_workbook
# Subtest: Testing ConversionJson->put_convert_workbook
    ok 1 - put_convert_workbook test OK
    1..1
ok 10 - Testing ConversionJson->put_convert_workbook
# Subtest: Testing ConversionJson->put_convert_workbook
    ok 1 - put_convert_workbook test OK
    1..1
ok 11 - Testing ConversionJson->put_convert_workbook
# Subtest: Testing ConversionJson->put_convert_workbook
    ok 1 - put_convert_workbook test OK
    1..1
ok 12 - Testing ConversionJson->put_convert_workbook
# Subtest: Testing ConversionJson->put_convert_workbook
    ok 1 - put_convert_workbook test OK
    1..1
ok 13 - Testing ConversionJson->put_convert_workbook
# Subtest: Testing ConversionJson->put_convert_workbook
    ok 1 - put_convert_workbook test OK
    1..1
ok 14 - Testing ConversionJson->put_convert_workbook
# Subtest: Testing ConversionJson->put_convert_workbook
    ok 1 - put_convert_workbook test OK
    1..1
ok 15 - Testing ConversionJson->put_convert_workbook
# Subtest: Testing ConversionJson->put_convert_workbook
    ok 1 - put_convert_workbook test OK
    1..1
ok 16 - Testing ConversionJson->put_convert_workbook
# Subtest: Testing ConversionJson->put_convert_workbook
    ok 1 - put_convert_workbook test OK
    1..1
ok 17 - Testing ConversionJson->put_convert_workbook
]]></system-out>
    <system-err></system-err>
  </testsuite>
  <testsuite tests="12"
             errors="0"
             failures="0"
             name="t_conversion_pngTest_t">
    <testcase name="1 - Testing ConversionPng-&gt;put_convert_workbook"></testcase>
    <testcase name="2 - Testing ConversionPng-&gt;put_convert_workbook"></testcase>
    <testcase name="3 - Testing ConversionPng-&gt;put_convert_workbook"></testcase>
    <testcase name="4 - Testing ConversionPng-&gt;put_convert_workbook"></testcase>
    <testcase name="5 - Testing ConversionPng-&gt;put_convert_workbook"></testcase>
    <testcase name="6 - Testing ConversionPng-&gt;put_convert_workbook"></testcase>
    <testcase name="7 - Testing ConversionPng-&gt;put_convert_workbook"></testcase>
    <testcase name="8 - Testing ConversionPng-&gt;put_convert_workbook"></testcase>
    <testcase name="9 - Testing ConversionPng-&gt;put_convert_workbook"></testcase>
    <testcase name="10 - Testing ConversionPng-&gt;put_convert_workbook"></testcase>
    <testcase name="11 - Testing ConversionPng-&gt;put_convert_workbook"></testcase>
    <testcase name="12 - Testing ConversionPng-&gt;put_convert_workbook"></testcase>
    <system-out><![CDATA[1..12
# Subtest: Testing ConversionPng->put_convert_workbook
    ok 1 - put_convert_workbook test OK
    1..1
ok 1 - Testing ConversionPng->put_convert_workbook
# Subtest: Testing ConversionPng->put_convert_workbook
    ok 1 - put_convert_workbook test OK
    1..1
ok 2 - Testing ConversionPng->put_convert_workbook
# Subtest: Testing ConversionPng->put_convert_workbook
    ok 1 - put_convert_workbook test OK
    1..1
ok 3 - Testing ConversionPng->put_convert_workbook
# Subtest: Testing ConversionPng->put_convert_workbook
    ok 1 - put_convert_workbook test OK
    1..1
ok 4 - Testing ConversionPng->put_convert_workbook
# Subtest: Testing ConversionPng->put_convert_workbook
    ok 1 - put_convert_workbook test OK
    1..1
ok 5 - Testing ConversionPng->put_convert_workbook
# Subtest: Testing ConversionPng->put_convert_workbook
    ok 1 - put_convert_workbook test OK
    1..1
ok 6 - Testing ConversionPng->put_convert_workbook
# Subtest: Testing ConversionPng->put_convert_workbook
    ok 1 - put_convert_workbook test OK
    1..1
ok 7 - Testing ConversionPng->put_convert_workbook
# Subtest: Testing ConversionPng->put_convert_workbook
    ok 1 - put_convert_workbook test OK
    1..1
ok 8 - Testing ConversionPng->put_convert_workbook
# Subtest: Testing ConversionPng->put_convert_workbook
    ok 1 - put_convert_workbook test OK
    1..1
ok 9 - Testing ConversionPng->put_convert_workbook
# Subtest: Testing ConversionPng->put_convert_workbook
    ok 1 - put_convert_workbook test OK
    1..1
ok 10 - Testing ConversionPng->put_convert_workbook
# Subtest: Testing ConversionPng->put_convert_workbook
    ok 1 - put_convert_workbook test OK
    1..1
ok 11 - Testing ConversionPng->put_convert_workbook
# Subtest: Testing ConversionPng->put_convert_workbook
    ok 1 - put_convert_workbook test OK
    1..1
ok 12 - Testing ConversionPng->put_convert_workbook
]]></system-out>
    <system-err></system-err>
  </testsuite>
  <testsuite failures="0"
             name="t_data_processing_controllerTest_t"
             tests="4"
             errors="0">
    <testcase name="1 - Testing DataProcessingController-&gt;post_workbook_data_cleansing"></testcase>
    <testcase name="2 - Testing DataProcessingController-&gt;post_workbook_data_deduplication"></testcase>
    <testcase name="3 - Testing DataProcessingController-&gt;post_workbook_data_fill"></testcase>
    <testcase name="4 - Testing DataProcessingController-&gt;post_data_transformation"></testcase>
    <system-out><![CDATA[1..4
# Subtest: Testing DataProcessingController->post_workbook_data_cleansing
    ok 1 - post_workbook_data_cleansing test OK
    1..1
ok 1 - Testing DataProcessingController->post_workbook_data_cleansing
# Subtest: Testing DataProcessingController->post_workbook_data_deduplication
    ok 1 - post_workbook_data_deduplication test OK
    1..1
ok 2 - Testing DataProcessingController->post_workbook_data_deduplication
# Subtest: Testing DataProcessingController->post_workbook_data_fill
    ok 1 - post_workbook_data_fill test OK
    1..1
ok 3 - Testing DataProcessingController->post_workbook_data_fill
# Subtest: Testing DataProcessingController->post_data_transformation
    ok 1 - post_data_transformation test OK
    1..1
ok 4 - Testing DataProcessingController->post_data_transformation
]]></system-out>
    <system-err></system-err>
  </testsuite>
  <testsuite name="t_file_controllerTest_t" failures="0" errors="0" tests="3">
    <testcase name="1 - Testing FileController-&gt;download_file"></testcase>
    <testcase name="2 - Testing FileController-&gt;upload_file"></testcase>
    <testcase name="3 - Testing FileController-&gt;copy_file"></testcase>
    <system-out><![CDATA[1..3
# Subtest: Testing FileController->download_file
    ok 1 - download_file test OK
    1..1
ok 1 - Testing FileController->download_file
# Subtest: Testing FileController->upload_file
    ok 1 - upload_file test OK
    1..1
ok 2 - Testing FileController->upload_file
# Subtest: Testing FileController->copy_file
    ok 1
    1..1
ok 3 - Testing FileController->copy_file
]]></system-out>
    <system-err></system-err>
  </testsuite>
  <testsuite name="t_folder_controllerTest_t" failures="0" tests="5" errors="0">
    <testcase name="1 - Testing FolderController-&gt;get_files_list"></testcase>
    <testcase name="2 - Testing FolderController-&gt;create_folder"></testcase>
    <testcase name="3 - Testing FolderController-&gt;copy_folder"></testcase>
    <testcase name="4 - Testing FolderController-&gt;move_folder"></testcase>
    <testcase name="5 - Testing FolderController-&gt;delete_folder"></testcase>
    <system-out><![CDATA[1..5
# Subtest: Testing FolderController->get_files_list
    ok 1 - get_files_list test OK
    1..1
ok 1 - Testing FolderController->get_files_list
# Subtest: Testing FolderController->create_folder
    ok 1
    1..1
ok 2 - Testing FolderController->create_folder
# Subtest: Testing FolderController->copy_folder
    ok 1
    1..1
ok 3 - Testing FolderController->copy_folder
# Subtest: Testing FolderController->move_folder
    ok 1
    1..1
ok 4 - Testing FolderController->move_folder
# Subtest: Testing FolderController->delete_folder
    ok 1
    1..1
ok 5 - Testing FolderController->delete_folder
]]></system-out>
    <system-err></system-err>
  </testsuite>
  <testsuite failures="0"
             name="t_hypelinks_controllerTest_t"
             tests="6"
             errors="0">
    <testcase name="1 - Testing HypelinksController-&gt;get_worksheet_hyperlinks"></testcase>
    <testcase name="2 - Testing HypelinksController-&gt;get_worksheet_hyperlink"></testcase>
    <testcase name="3 - Testing HypelinksController-&gt;delete_worksheet_hyperlink"></testcase>
    <testcase name="4 - Testing HypelinksController-&gt;post_worksheet_hyperlink"></testcase>
    <testcase name="5 - Testing HypelinksController-&gt;put_worksheet_hyperlink"></testcase>
    <testcase name="6 - Testing HypelinksController-&gt;delete_worksheet_hyperlinks"></testcase>
    <system-out><![CDATA[1..6
# Subtest: Testing HypelinksController->get_worksheet_hyperlinks
    ok 1 - get_worksheet_hyperlinks test OK
    1..1
ok 1 - Testing HypelinksController->get_worksheet_hyperlinks
# Subtest: Testing HypelinksController->get_worksheet_hyperlink
    ok 1 - get_worksheet_hyperlink test OK
    1..1
ok 2 - Testing HypelinksController->get_worksheet_hyperlink
# Subtest: Testing HypelinksController->delete_worksheet_hyperlink
    ok 1 - delete_worksheet_hyperlink test OK
    1..1
ok 3 - Testing HypelinksController->delete_worksheet_hyperlink
# Subtest: Testing HypelinksController->post_worksheet_hyperlink
    ok 1 - post_worksheet_hyperlink test OK
    1..1
ok 4 - Testing HypelinksController->post_worksheet_hyperlink
# Subtest: Testing HypelinksController->put_worksheet_hyperlink
    ok 1 - put_worksheet_hyperlink test OK
    1..1
ok 5 - Testing HypelinksController->put_worksheet_hyperlink
# Subtest: Testing HypelinksController->delete_worksheet_hyperlinks
    ok 1 - delete_worksheet_hyperlinks test OK
    1..1
ok 6 - Testing HypelinksController->delete_worksheet_hyperlinks
]]></system-out>
    <system-err></system-err>
  </testsuite>
  <testsuite tests="210"
             errors="0"
             name="t_light_cellsTest_t"
             failures="0">
    <testcase name="1 - Testing LightCells-&gt;post_split"></testcase>
    <testcase name="2 - Testing LightCells-&gt;post_split"></testcase>
    <testcase name="3 - Testing LightCells-&gt;post_split"></testcase>
    <testcase name="4 - Testing LightCells-&gt;post_split"></testcase>
    <testcase name="5 - Testing LightCells-&gt;post_split"></testcase>
    <testcase name="6 - Testing LightCells-&gt;post_split"></testcase>
    <testcase name="7 - Testing LightCells-&gt;post_split"></testcase>
    <testcase name="8 - Testing LightCells-&gt;post_split"></testcase>
    <testcase name="9 - Testing LightCells-&gt;post_split"></testcase>
    <testcase name="10 - Testing LightCells-&gt;post_split"></testcase>
    <testcase name="11 - Testing LightCells-&gt;post_split"></testcase>
    <testcase name="12 - Testing LightCells-&gt;post_split"></testcase>
    <testcase name="13 - Testing LightCells-&gt;post_split"></testcase>
    <testcase name="14 - Testing LightCells-&gt;post_split"></testcase>
    <testcase name="15 - Testing LightCells-&gt;post_split"></testcase>
    <testcase name="16 - Testing LightCells-&gt;post_split"></testcase>
    <testcase name="17 - Testing LightCells-&gt;post_split"></testcase>
    <testcase name="18 - Testing LightCells-&gt;post_split"></testcase>
    <testcase name="19 - Testing LightCells-&gt;post_split"></testcase>
    <testcase name="20 - Testing LightCells-&gt;post_split"></testcase>
    <testcase name="21 - Testing LightCells-&gt;post_split"></testcase>
    <testcase name="22 - Testing LightCells-&gt;post_assemble"></testcase>
    <testcase name="23 - Testing LightCells-&gt;post_assemble"></testcase>
    <testcase name="24 - Testing LightCells-&gt;post_assemble"></testcase>
    <testcase name="25 - Testing LightCells-&gt;post_assemble"></testcase>
    <testcase name="26 - Testing LightCells-&gt;post_assemble"></testcase>
    <testcase name="27 - Testing LightCells-&gt;post_assemble"></testcase>
    <testcase name="28 - Testing LightCells-&gt;post_assemble"></testcase>
    <testcase name="29 - Testing LightCells-&gt;post_assemble"></testcase>
    <testcase name="30 - Testing LightCells-&gt;post_assemble"></testcase>
    <testcase name="31 - Testing LightCells-&gt;post_assemble"></testcase>
    <testcase name="32 - Testing LightCells-&gt;post_assemble"></testcase>
    <testcase name="33 - Testing LightCells-&gt;post_assemble"></testcase>
    <testcase name="34 - Testing LightCells-&gt;post_assemble"></testcase>
    <testcase name="35 - Testing LightCells-&gt;post_assemble"></testcase>
    <testcase name="36 - Testing LightCells-&gt;post_assemble"></testcase>
    <testcase name="37 - Testing LightCells-&gt;post_assemble"></testcase>
    <testcase name="38 - Testing LightCells-&gt;post_assemble"></testcase>
    <testcase name="39 - Testing LightCells-&gt;post_assemble"></testcase>
    <testcase name="40 - Testing LightCells-&gt;post_assemble"></testcase>
    <testcase name="41 - Testing LightCells-&gt;post_assemble"></testcase>
    <testcase name="42 - Testing LightCells-&gt;post_assemble"></testcase>
    <testcase name="43 - Testing LightCells-&gt;post_assemble"></testcase>
    <testcase name="44 - Testing LightCells-&gt;post_assemble"></testcase>
    <testcase name="45 - Testing LightCells-&gt;post_assemble"></testcase>
    <testcase name="46 - Testing LightCells-&gt;post_assemble"></testcase>
    <testcase name="47 - Testing LightCells-&gt;post_assemble"></testcase>
    <testcase name="48 - Testing LightCells-&gt;post_assemble"></testcase>
    <testcase name="49 - Testing LightCells-&gt;post_assemble"></testcase>
    <testcase name="50 - Testing LightCells-&gt;post_export"></testcase>
    <testcase name="51 - Testing LightCells-&gt;post_export"></testcase>
    <testcase name="52 - Testing LightCells-&gt;post_export"></testcase>
    <testcase name="53 - Testing LightCells-&gt;post_export"></testcase>
    <testcase name="54 - Testing LightCells-&gt;post_export"></testcase>
    <testcase name="55 - Testing LightCells-&gt;post_export"></testcase>
    <testcase name="56 - Testing LightCells-&gt;post_export"></testcase>
    <testcase name="57 - Testing LightCells-&gt;post_export"></testcase>
    <testcase name="58 - Testing LightCells-&gt;post_export"></testcase>
    <testcase name="59 - Testing LightCells-&gt;post_export"></testcase>
    <testcase name="60 - Testing LightCells-&gt;post_export"></testcase>
    <testcase name="61 - Testing LightCells-&gt;post_export"></testcase>
    <testcase name="62 - Testing LightCells-&gt;post_export"></testcase>
    <testcase name="63 - Testing LightCells-&gt;post_export"></testcase>
    <testcase name="64 - Testing LightCells-&gt;post_export"></testcase>
    <testcase name="65 - Testing LightCells-&gt;post_export"></testcase>
    <testcase name="66 - Testing LightCells-&gt;post_export"></testcase>
    <testcase name="67 - Testing LightCells-&gt;post_export"></testcase>
    <testcase name="68 - Testing LightCells-&gt;post_export"></testcase>
    <testcase name="69 - Testing LightCells-&gt;post_export"></testcase>
    <testcase name="70 - Testing LightCells-&gt;post_export"></testcase>
    <testcase name="71 - Testing LightCells-&gt;post_export"></testcase>
    <testcase name="72 - Testing LightCells-&gt;post_export"></testcase>
    <testcase name="73 - Testing LightCells-&gt;post_export"></testcase>
    <testcase name="74 - Testing LightCells-&gt;post_export"></testcase>
    <testcase name="75 - Testing LightCells-&gt;post_export"></testcase>
    <testcase name="76 - Testing LightCells-&gt;post_export"></testcase>
    <testcase name="77 - Testing LightCells-&gt;post_export"></testcase>
    <testcase name="78 - Testing LightCells-&gt;post_export"></testcase>
    <testcase name="79 - Testing LightCells-&gt;post_export"></testcase>
    <testcase name="80 - Testing LightCells-&gt;post_export"></testcase>
    <testcase name="81 - Testing LightCells-&gt;post_export"></testcase>
    <testcase name="82 - Testing LightCells-&gt;post_export"></testcase>
    <testcase name="83 - Testing LightCells-&gt;post_export"></testcase>
    <testcase name="84 - Testing LightCells-&gt;post_export"></testcase>
    <testcase name="85 - Testing LightCells-&gt;post_export"></testcase>
    <testcase name="86 - Testing LightCells-&gt;post_export"></testcase>
    <testcase name="87 - Testing LightCells-&gt;post_export"></testcase>
    <testcase name="88 - Testing LightCells-&gt;post_export"></testcase>
    <testcase name="89 - Testing LightCells-&gt;post_export"></testcase>
    <testcase name="90 - Testing LightCells-&gt;post_export"></testcase>
    <testcase name="91 - Testing LightCells-&gt;post_export"></testcase>
    <testcase name="92 - Testing LightCells-&gt;post_export"></testcase>
    <testcase name="93 - Testing LightCells-&gt;post_export"></testcase>
    <testcase name="94 - Testing LightCells-&gt;post_export"></testcase>
    <testcase name="95 - Testing LightCells-&gt;post_export"></testcase>
    <testcase name="96 - Testing LightCells-&gt;post_export"></testcase>
    <testcase name="97 - Testing LightCells-&gt;post_export"></testcase>
    <testcase name="98 - Testing LightCells-&gt;post_export"></testcase>
    <testcase name="99 - Testing LightCells-&gt;post_export"></testcase>
    <testcase name="100 - Testing LightCells-&gt;post_export"></testcase>
    <testcase name="101 - Testing LightCells-&gt;post_export"></testcase>
    <testcase name="102 - Testing LightCells-&gt;post_export"></testcase>
    <testcase name="103 - Testing LightCells-&gt;post_export"></testcase>
    <testcase name="104 - Testing LightCells-&gt;post_export"></testcase>
    <testcase name="105 - Testing LightCells-&gt;post_export"></testcase>
    <testcase name="106 - Testing LightCells-&gt;post_export"></testcase>
    <testcase name="107 - Testing LightCells-&gt;post_export"></testcase>
    <testcase name="108 - Testing LightCells-&gt;post_export"></testcase>
    <testcase name="109 - Testing LightCells-&gt;post_export"></testcase>
    <testcase name="110 - Testing LightCells-&gt;post_export"></testcase>
    <testcase name="111 - Testing LightCells-&gt;post_export"></testcase>
    <testcase name="112 - Testing LightCells-&gt;post_export"></testcase>
    <testcase name="113 - Testing LightCells-&gt;post_export"></testcase>
    <testcase name="114 - Testing LightCells-&gt;post_export"></testcase>
    <testcase name="115 - Testing LightCells-&gt;post_export"></testcase>
    <testcase name="116 - Testing LightCells-&gt;post_export"></testcase>
    <testcase name="117 - Testing LightCells-&gt;post_export"></testcase>
    <testcase name="118 - Testing LightCells-&gt;post_export"></testcase>
    <testcase name="119 - Testing LightCells-&gt;post_export"></testcase>
    <testcase name="120 - Testing LightCells-&gt;post_export"></testcase>
    <testcase name="121 - Testing LightCells-&gt;post_export"></testcase>
    <testcase name="122 - Testing LightCells-&gt;post_export"></testcase>
    <testcase name="123 - Testing LightCells-&gt;post_export"></testcase>
    <testcase name="124 - Testing LightCells-&gt;post_export"></testcase>
    <testcase name="125 - Testing LightCells-&gt;post_export"></testcase>
    <testcase name="126 - Testing LightCells-&gt;post_export"></testcase>
    <testcase name="127 - Testing LightCells-&gt;post_export"></testcase>
    <testcase name="128 - Testing LightCells-&gt;post_export"></testcase>
    <testcase name="129 - Testing LightCells-&gt;post_export"></testcase>
    <testcase name="130 - Testing LightCells-&gt;post_export"></testcase>
    <testcase name="131 - Testing LightCells-&gt;post_export"></testcase>
    <testcase name="132 - Testing LightCells-&gt;post_export"></testcase>
    <testcase name="133 - Testing LightCells-&gt;post_export"></testcase>
    <testcase name="134 - Testing LightCells-&gt;post_export"></testcase>
    <testcase name="135 - Testing LightCells-&gt;post_export"></testcase>
    <testcase name="136 - Testing LightCells-&gt;post_export"></testcase>
    <testcase name="137 - Testing LightCells-&gt;post_export"></testcase>
    <testcase name="138 - Testing LightCells-&gt;post_export"></testcase>
    <testcase name="139 - Testing LightCells-&gt;post_export"></testcase>
    <testcase name="140 - Testing LightCells-&gt;post_export"></testcase>
    <testcase name="141 - Testing LightCells-&gt;post_export"></testcase>
    <testcase name="142 - Testing LightCells-&gt;post_export"></testcase>
    <testcase name="143 - Testing LightCells-&gt;post_export"></testcase>
    <testcase name="144 - Testing LightCells-&gt;post_export"></testcase>
    <testcase name="145 - Testing LightCells-&gt;post_export"></testcase>
    <testcase name="146 - Testing LightCells-&gt;post_export"></testcase>
    <testcase name="147 - Testing LightCells-&gt;post_export"></testcase>
    <testcase name="148 - Testing LightCells-&gt;post_export"></testcase>
    <testcase name="149 - Testing LightCells-&gt;post_export"></testcase>
    <testcase name="150 - Testing LightCells-&gt;post_export"></testcase>
    <testcase name="151 - Testing LightCells-&gt;post_compress"></testcase>
    <testcase name="152 - Testing LightCells-&gt;post_compress"></testcase>
    <testcase name="153 - Testing LightCells-&gt;post_merge"></testcase>
    <testcase name="154 - Testing LightCells-&gt;post_merge"></testcase>
    <testcase name="155 - Testing LightCells-&gt;post_merge"></testcase>
    <testcase name="156 - Testing LightCells-&gt;post_merge"></testcase>
    <testcase name="157 - Testing LightCells-&gt;post_merge"></testcase>
    <testcase name="158 - Testing LightCells-&gt;post_merge"></testcase>
    <testcase name="159 - Testing LightCells-&gt;post_merge"></testcase>
    <testcase name="160 - Testing LightCells-&gt;post_merge"></testcase>
    <testcase name="161 - Testing LightCells-&gt;post_merge"></testcase>
    <testcase name="162 - Testing LightCells-&gt;post_merge"></testcase>
    <testcase name="163 - Testing LightCells-&gt;post_merge"></testcase>
    <testcase name="164 - Testing LightCells-&gt;post_merge"></testcase>
    <testcase name="165 - Testing LightCells-&gt;post_merge"></testcase>
    <testcase name="166 - Testing LightCells-&gt;post_merge"></testcase>
    <testcase name="167 - Testing LightCells-&gt;post_merge"></testcase>
    <testcase name="168 - Testing LightCells-&gt;post_merge"></testcase>
    <testcase name="169 - Testing LightCells-&gt;post_merge"></testcase>
    <testcase name="170 - Testing LightCells-&gt;post_merge"></testcase>
    <testcase name="171 - Testing LightCells-&gt;post_merge"></testcase>
    <testcase name="172 - Testing LightCells-&gt;post_merge"></testcase>
    <testcase name="173 - Testing LightCells-&gt;post_merge"></testcase>
    <testcase name="174 - Testing LightCells-&gt;post_merge"></testcase>
    <testcase name="175 - Testing LightCells-&gt;post_merge"></testcase>
    <testcase name="176 - Testing LightCells-&gt;post_merge"></testcase>
    <testcase name="177 - Testing LightCells-&gt;post_merge"></testcase>
    <testcase name="178 - Testing LightCells-&gt;post_merge"></testcase>
    <testcase name="179 - Testing LightCells-&gt;post_merge"></testcase>
    <testcase name="180 - Testing LightCells-&gt;post_merge"></testcase>
    <testcase name="181 - Testing LightCells-&gt;post_unlock"></testcase>
    <testcase name="182 - Testing LightCells-&gt;post_protect"></testcase>
    <testcase name="183 - Testing LightCells-&gt;post_protect"></testcase>
    <testcase name="184 - Testing LightCells-&gt;post_search"></testcase>
    <testcase name="185 - Testing LightCells-&gt;post_replace"></testcase>
    <testcase name="186 - Testing LightCells-&gt;post_replace"></testcase>
    <testcase name="187 - Testing LightCells-&gt;post_watermark"></testcase>
    <testcase name="188 - Testing LightCells-&gt;post_clear_objects"></testcase>
    <testcase name="189 - Testing LightCells-&gt;post_clear_objects"></testcase>
    <testcase name="190 - Testing LightCells-&gt;post_clear_objects"></testcase>
    <testcase name="191 - Testing LightCells-&gt;post_clear_objects"></testcase>
    <testcase name="192 - Testing LightCells-&gt;post_clear_objects"></testcase>
    <testcase name="193 - Testing LightCells-&gt;post_clear_objects"></testcase>
    <testcase name="194 - Testing LightCells-&gt;post_clear_objects"></testcase>
    <testcase name="195 - Testing LightCells-&gt;post_clear_objects"></testcase>
    <testcase name="196 - Testing LightCells-&gt;post_clear_objects"></testcase>
    <testcase name="197 - Testing LightCells-&gt;post_clear_objects"></testcase>
    <testcase name="198 - Testing LightCells-&gt;post_repair"></testcase>
    <testcase name="199 - Testing LightCells-&gt;post_repair"></testcase>
    <testcase name="200 - Testing LightCells-&gt;post_repair"></testcase>
    <testcase name="201 - Testing LightCells-&gt;post_repair"></testcase>
    <testcase name="202 - Testing LightCells-&gt;post_reverse"></testcase>
    <testcase name="203 - Testing LightCells-&gt;post_reverse"></testcase>
    <testcase name="204 - Testing LightCells-&gt;post_reverse"></testcase>
    <testcase name="205 - Testing LightCells-&gt;post_reverse"></testcase>
    <testcase name="206 - Testing LightCells-&gt;post_reverse"></testcase>
    <testcase name="207 - Testing LightCells-&gt;post_reverse"></testcase>
    <testcase name="208 - Testing LightCells-&gt;get_metadata"></testcase>
    <testcase name="209 - Testing LightCells-&gt;delete_metadata"></testcase>
    <testcase name="210 - Testing LightCells-&gt;post_metadata"></testcase>
    <system-out><![CDATA[1..210
# Subtest: Testing LightCells->post_split
    ok 1 - post_split test OK
    1..1
ok 1 - Testing LightCells->post_split
# Subtest: Testing LightCells->post_split
    ok 1 - post_split test OK
    1..1
ok 2 - Testing LightCells->post_split
# Subtest: Testing LightCells->post_split
    ok 1 - post_split test OK
    1..1
ok 3 - Testing LightCells->post_split
# Subtest: Testing LightCells->post_split
    ok 1 - post_split test OK
    1..1
ok 4 - Testing LightCells->post_split
# Subtest: Testing LightCells->post_split
    ok 1 - post_split test OK
    1..1
ok 5 - Testing LightCells->post_split
# Subtest: Testing LightCells->post_split
    ok 1 - post_split test OK
    1..1
ok 6 - Testing LightCells->post_split
# Subtest: Testing LightCells->post_split
    ok 1 - post_split test OK
    1..1
ok 7 - Testing LightCells->post_split
# Subtest: Testing LightCells->post_split
    ok 1 - post_split test OK
    1..1
ok 8 - Testing LightCells->post_split
# Subtest: Testing LightCells->post_split
    ok 1 - post_split test OK
    1..1
ok 9 - Testing LightCells->post_split
# Subtest: Testing LightCells->post_split
    ok 1 - post_split test OK
    1..1
ok 10 - Testing LightCells->post_split
# Subtest: Testing LightCells->post_split
    ok 1 - post_split test OK
    1..1
ok 11 - Testing LightCells->post_split
# Subtest: Testing LightCells->post_split
    ok 1 - post_split test OK
    1..1
ok 12 - Testing LightCells->post_split
# Subtest: Testing LightCells->post_split
    ok 1 - post_split test OK
    1..1
ok 13 - Testing LightCells->post_split
# Subtest: Testing LightCells->post_split
    ok 1 - post_split test OK
    1..1
ok 14 - Testing LightCells->post_split
# Subtest: Testing LightCells->post_split
    ok 1 - post_split test OK
    1..1
ok 15 - Testing LightCells->post_split
# Subtest: Testing LightCells->post_split
    ok 1 - post_split test OK
    1..1
ok 16 - Testing LightCells->post_split
# Subtest: Testing LightCells->post_split
    ok 1 - post_split test OK
    1..1
ok 17 - Testing LightCells->post_split
# Subtest: Testing LightCells->post_split
    ok 1 - post_split test OK
    1..1
ok 18 - Testing LightCells->post_split
# Subtest: Testing LightCells->post_split
    ok 1 - post_split test OK
    1..1
ok 19 - Testing LightCells->post_split
# Subtest: Testing LightCells->post_split
    ok 1 - post_split test OK
    1..1
ok 20 - Testing LightCells->post_split
# Subtest: Testing LightCells->post_split
    ok 1 - post_split test OK
    1..1
ok 21 - Testing LightCells->post_split
# Subtest: Testing LightCells->post_assemble
    ok 1 - post_assemble test OK
    1..1
ok 22 - Testing LightCells->post_assemble
# Subtest: Testing LightCells->post_assemble
    ok 1 - post_assemble test OK
    1..1
ok 23 - Testing LightCells->post_assemble
# Subtest: Testing LightCells->post_assemble
    ok 1 - post_assemble test OK
    1..1
ok 24 - Testing LightCells->post_assemble
# Subtest: Testing LightCells->post_assemble
    ok 1 - post_assemble test OK
    1..1
ok 25 - Testing LightCells->post_assemble
# Subtest: Testing LightCells->post_assemble
    ok 1 - post_assemble test OK
    1..1
ok 26 - Testing LightCells->post_assemble
# Subtest: Testing LightCells->post_assemble
    ok 1 - post_assemble test OK
    1..1
ok 27 - Testing LightCells->post_assemble
# Subtest: Testing LightCells->post_assemble
    ok 1 - post_assemble test OK
    1..1
ok 28 - Testing LightCells->post_assemble
# Subtest: Testing LightCells->post_assemble
    ok 1 - post_assemble test OK
    1..1
ok 29 - Testing LightCells->post_assemble
# Subtest: Testing LightCells->post_assemble
    ok 1 - post_assemble test OK
    1..1
ok 30 - Testing LightCells->post_assemble
# Subtest: Testing LightCells->post_assemble
    ok 1 - post_assemble test OK
    1..1
ok 31 - Testing LightCells->post_assemble
# Subtest: Testing LightCells->post_assemble
    ok 1 - post_assemble test OK
    1..1
ok 32 - Testing LightCells->post_assemble
# Subtest: Testing LightCells->post_assemble
    ok 1 - post_assemble test OK
    1..1
ok 33 - Testing LightCells->post_assemble
# Subtest: Testing LightCells->post_assemble
    ok 1 - post_assemble test OK
    1..1
ok 34 - Testing LightCells->post_assemble
# Subtest: Testing LightCells->post_assemble
    ok 1 - post_assemble test OK
    1..1
ok 35 - Testing LightCells->post_assemble
# Subtest: Testing LightCells->post_assemble
    ok 1 - post_assemble test OK
    1..1
ok 36 - Testing LightCells->post_assemble
# Subtest: Testing LightCells->post_assemble
    ok 1 - post_assemble test OK
    1..1
ok 37 - Testing LightCells->post_assemble
# Subtest: Testing LightCells->post_assemble
    ok 1 - post_assemble test OK
    1..1
ok 38 - Testing LightCells->post_assemble
# Subtest: Testing LightCells->post_assemble
    ok 1 - post_assemble test OK
    1..1
ok 39 - Testing LightCells->post_assemble
# Subtest: Testing LightCells->post_assemble
    ok 1 - post_assemble test OK
    1..1
ok 40 - Testing LightCells->post_assemble
# Subtest: Testing LightCells->post_assemble
    ok 1 - post_assemble test OK
    1..1
ok 41 - Testing LightCells->post_assemble
# Subtest: Testing LightCells->post_assemble
    ok 1 - post_assemble test OK
    1..1
ok 42 - Testing LightCells->post_assemble
# Subtest: Testing LightCells->post_assemble
    ok 1 - post_assemble test OK
    1..1
ok 43 - Testing LightCells->post_assemble
# Subtest: Testing LightCells->post_assemble
    ok 1 - post_assemble test OK
    1..1
ok 44 - Testing LightCells->post_assemble
# Subtest: Testing LightCells->post_assemble
    ok 1 - post_assemble test OK
    1..1
ok 45 - Testing LightCells->post_assemble
# Subtest: Testing LightCells->post_assemble
    ok 1 - post_assemble test OK
    1..1
ok 46 - Testing LightCells->post_assemble
# Subtest: Testing LightCells->post_assemble
    ok 1 - post_assemble test OK
    1..1
ok 47 - Testing LightCells->post_assemble
# Subtest: Testing LightCells->post_assemble
    ok 1 - post_assemble test OK
    1..1
ok 48 - Testing LightCells->post_assemble
# Subtest: Testing LightCells->post_assemble
    ok 1 - post_assemble test OK
    1..1
ok 49 - Testing LightCells->post_assemble
# Subtest: Testing LightCells->post_export
    ok 1 - post_export test OK
    1..1
ok 50 - Testing LightCells->post_export
# Subtest: Testing LightCells->post_export
    ok 1 - post_export test OK
    1..1
ok 51 - Testing LightCells->post_export
# Subtest: Testing LightCells->post_export
    ok 1 - post_export test OK
    1..1
ok 52 - Testing LightCells->post_export
# Subtest: Testing LightCells->post_export
    ok 1 - post_export test OK
    1..1
ok 53 - Testing LightCells->post_export
# Subtest: Testing LightCells->post_export
    ok 1 - post_export test OK
    1..1
ok 54 - Testing LightCells->post_export
# Subtest: Testing LightCells->post_export
    ok 1 - post_export test OK
    1..1
ok 55 - Testing LightCells->post_export
# Subtest: Testing LightCells->post_export
    ok 1 - post_export test OK
    1..1
ok 56 - Testing LightCells->post_export
# Subtest: Testing LightCells->post_export
    ok 1 - post_export test OK
    1..1
ok 57 - Testing LightCells->post_export
# Subtest: Testing LightCells->post_export
    ok 1 - post_export test OK
    1..1
ok 58 - Testing LightCells->post_export
# Subtest: Testing LightCells->post_export
    ok 1 - post_export test OK
    1..1
ok 59 - Testing LightCells->post_export
# Subtest: Testing LightCells->post_export
    ok 1 - post_export test OK
    1..1
ok 60 - Testing LightCells->post_export
# Subtest: Testing LightCells->post_export
    ok 1 - post_export test OK
    1..1
ok 61 - Testing LightCells->post_export
# Subtest: Testing LightCells->post_export
    ok 1 - post_export test OK
    1..1
ok 62 - Testing LightCells->post_export
# Subtest: Testing LightCells->post_export
    ok 1 - post_export test OK
    1..1
ok 63 - Testing LightCells->post_export
# Subtest: Testing LightCells->post_export
    ok 1 - post_export test OK
    1..1
ok 64 - Testing LightCells->post_export
# Subtest: Testing LightCells->post_export
    ok 1 - post_export test OK
    1..1
ok 65 - Testing LightCells->post_export
# Subtest: Testing LightCells->post_export
    ok 1 - post_export test OK
    1..1
ok 66 - Testing LightCells->post_export
# Subtest: Testing LightCells->post_export
    ok 1 - post_export test OK
    1..1
ok 67 - Testing LightCells->post_export
# Subtest: Testing LightCells->post_export
    ok 1 - post_export test OK
    1..1
ok 68 - Testing LightCells->post_export
# Subtest: Testing LightCells->post_export
    ok 1 - post_export test OK
    1..1
ok 69 - Testing LightCells->post_export
# Subtest: Testing LightCells->post_export
    ok 1 - post_export test OK
    1..1
ok 70 - Testing LightCells->post_export
# Subtest: Testing LightCells->post_export
    ok 1 - post_export test OK
    1..1
ok 71 - Testing LightCells->post_export
# Subtest: Testing LightCells->post_export
    ok 1 - post_export test OK
    1..1
ok 72 - Testing LightCells->post_export
# Subtest: Testing LightCells->post_export
    ok 1 - post_export test OK
    1..1
ok 73 - Testing LightCells->post_export
# Subtest: Testing LightCells->post_export
    ok 1 - post_export test OK
    1..1
ok 74 - Testing LightCells->post_export
# Subtest: Testing LightCells->post_export
    ok 1 - post_export test OK
    1..1
ok 75 - Testing LightCells->post_export
# Subtest: Testing LightCells->post_export
    ok 1 - post_export test OK
    1..1
ok 76 - Testing LightCells->post_export
# Subtest: Testing LightCells->post_export
    ok 1 - post_export test OK
    1..1
ok 77 - Testing LightCells->post_export
# Subtest: Testing LightCells->post_export
    ok 1 - post_export test OK
    1..1
ok 78 - Testing LightCells->post_export
# Subtest: Testing LightCells->post_export
[...]
    <testcase name="27 - Testing WorkbookController-&gt;get_workbook_settings"></testcase>
    <testcase name="28 - Testing WorkbookController-&gt;post_workbook_settings"></testcase>
    <testcase name="29 - Testing WorkbookController-&gt;put_workbook_background"></testcase>
    <testcase name="30 - Testing WorkbookController-&gt;delete_workbook_background"></testcase>
    <testcase name="31 - Testing WorkbookController-&gt;put_workbook_water_marker"></testcase>
    <testcase name="32 - Testing WorkbookController-&gt;get_page_count"></testcase>
    <system-out><![CDATA[1..32
# Subtest: Testing WorkbookController->post_digital_signature
    ok 1 - post_digital_signature test OK
    1..1
ok 1 - Testing WorkbookController->post_digital_signature
# Subtest: Testing WorkbookController->post_encrypt_workbook
    ok 1 - post_encrypt_workbook test OK
    1..1
ok 2 - Testing WorkbookController->post_encrypt_workbook
# Subtest: Testing WorkbookController->delete_decrypt_workbook
    ok 1 - delete_decrypt_workbook test OK
    1..1
ok 3 - Testing WorkbookController->delete_decrypt_workbook
# Subtest: Testing WorkbookController->post_protect_workbook
    ok 1 - post_protect_workbook test OK
    1..1
ok 4 - Testing WorkbookController->post_protect_workbook
# Subtest: Testing WorkbookController->delete_un_protect_workbook
    ok 1 - delete_un_protect_workbook test OK
    1..1
ok 5 - Testing WorkbookController->delete_un_protect_workbook
# Subtest: Testing WorkbookController->get_workbook_default_style
    ok 1 - get_workbook_default_style test OK
    1..1
ok 6 - Testing WorkbookController->get_workbook_default_style
# Subtest: Testing WorkbookController->get_workbook_text_items
    ok 1 - get_workbook_text_items test OK
    1..1
ok 7 - Testing WorkbookController->get_workbook_text_items
# Subtest: Testing WorkbookController->get_workbook_names
    ok 1 - get_workbook_names test OK
    1..1
ok 8 - Testing WorkbookController->get_workbook_names
# Subtest: Testing WorkbookController->put_workbook_name
    ok 1 - put_workbook_name test OK
    1..1
ok 9 - Testing WorkbookController->put_workbook_name
# Subtest: Testing WorkbookController->get_workbook_name
    ok 1 - get_workbook_name test OK
    1..1
ok 10 - Testing WorkbookController->get_workbook_name
# Subtest: Testing WorkbookController->post_workbook_name
    ok 1 - post_workbook_name test OK
    1..1
ok 11 - Testing WorkbookController->post_workbook_name
# Subtest: Testing WorkbookController->get_workbook_name_value
    ok 1 - get_workbook_name_value test OK
    1..1
ok 12 - Testing WorkbookController->get_workbook_name_value
# Subtest: Testing WorkbookController->delete_workbook_names
    ok 1 - delete_workbook_names test OK
    1..1
ok 13 - Testing WorkbookController->delete_workbook_names
# Subtest: Testing WorkbookController->delete_workbook_name
    ok 1 - delete_workbook_name test OK
    1..1
ok 14 - Testing WorkbookController->delete_workbook_name
# Subtest: Testing WorkbookController->put_document_protect_from_changes
    ok 1 - put_document_protect_from_changes test OK
    1..1
ok 15 - Testing WorkbookController->put_document_protect_from_changes
# Subtest: Testing WorkbookController->delete_document_un_protect_from_changes
    ok 1 - delete_document_un_protect_from_changes test OK
    1..1
ok 16 - Testing WorkbookController->delete_document_un_protect_from_changes
# Subtest: Testing WorkbookController->post_workbooks_merge
    ok 1 - post_workbooks_merge test OK
    1..1
ok 17 - Testing WorkbookController->post_workbooks_merge
# Subtest: Testing WorkbookController->post_workbooks_text_search
    ok 1 - post_workbooks_text_search test OK
    1..1
ok 18 - Testing WorkbookController->post_workbooks_text_search
# Subtest: Testing WorkbookController->post_workbook_text_replace
    ok 1 - post_workbook_text_replace test OK
    1..1
ok 19 - Testing WorkbookController->post_workbook_text_replace
# Subtest: Testing WorkbookController->post_workbook_get_smart_marker_result
    ok 1 - post_workbook_get_smart_marker_result test OK
    1..1
ok 20 - Testing WorkbookController->post_workbook_get_smart_marker_result
# Subtest: Testing WorkbookController->put_workbook_create
    ok 1 - put_workbook_create test OK
    1..1
ok 21 - Testing WorkbookController->put_workbook_create
# Subtest: Testing WorkbookController->post_workbook_split
    ok 1 - post_workbook_split test OK
    1..1
ok 22 - Testing WorkbookController->post_workbook_split
# Subtest: Testing WorkbookController->post_import_data
    ok 1 - post_import_data test OK
    1..1
ok 23 - Testing WorkbookController->post_import_data
# Subtest: Testing WorkbookController->post_workbook_calculate_formula
    ok 1 - post_workbook_calculate_formula test OK
    1..1
ok 24 - Testing WorkbookController->post_workbook_calculate_formula
# Subtest: Testing WorkbookController->post_autofit_workbook_rows
    ok 1 - post_autofit_workbook_rows test OK
    1..1
ok 25 - Testing WorkbookController->post_autofit_workbook_rows
# Subtest: Testing WorkbookController->post_autofit_workbook_columns
    ok 1 - post_autofit_workbook_columns test OK
    1..1
ok 26 - Testing WorkbookController->post_autofit_workbook_columns
# Subtest: Testing WorkbookController->get_workbook_settings
    ok 1 - get_workbook_settings test OK
    1..1
ok 27 - Testing WorkbookController->get_workbook_settings
# Subtest: Testing WorkbookController->post_workbook_settings
    ok 1 - post_workbook_settings test OK
    1..1
ok 28 - Testing WorkbookController->post_workbook_settings
# Subtest: Testing WorkbookController->put_workbook_background
    ok 1 - put_workbook_background test OK
    1..1
ok 29 - Testing WorkbookController->put_workbook_background
# Subtest: Testing WorkbookController->delete_workbook_background
    ok 1 - delete_workbook_background test OK
    1..1
ok 30 - Testing WorkbookController->delete_workbook_background
# Subtest: Testing WorkbookController->put_workbook_water_marker
    ok 1 - put_workbook_water_marker test OK
    1..1
ok 31 - Testing WorkbookController->put_workbook_water_marker
# Subtest: Testing WorkbookController->get_page_count
    ok 1 - get_page_count test OK
    1..1
ok 32 - Testing WorkbookController->get_page_count
]]></system-out>
    <system-err></system-err>
  </testsuite>
  <testsuite name="t_worksheet_controllerTest_t" failures="0" errors="0" tests="39">
    <testcase name="1 - Testing WorksheetController-&gt;get_worksheets"></testcase>
    <testcase name="2 - Testing WorksheetController-&gt;get_worksheet_with_format"></testcase>
    <testcase name="3 - Testing WorksheetController-&gt;put_change_visibility_worksheet"></testcase>
    <testcase name="4 - Testing WorksheetController-&gt;put_active_worksheet"></testcase>
    <testcase name="5 - Testing WorksheetController-&gt;put_insert_new_worksheet"></testcase>
    <testcase name="6 - Testing WorksheetController-&gt;put_add_new_worksheet"></testcase>
    <testcase name="7 - Testing WorksheetController-&gt;delete_worksheet"></testcase>
    <testcase name="8 - Testing WorksheetController-&gt;delete_worksheets"></testcase>
    <testcase name="9 - Testing WorksheetController-&gt;post_move_worksheet"></testcase>
    <testcase name="10 - Testing WorksheetController-&gt;put_protect_worksheet"></testcase>
    <testcase name="11 - Testing WorksheetController-&gt;delete_unprotect_worksheet"></testcase>
    <testcase name="12 - Testing WorksheetController-&gt;get_worksheet_text_items"></testcase>
    <testcase name="13 - Testing WorksheetController-&gt;get_worksheet_comments"></testcase>
    <testcase name="14 - Testing WorksheetController-&gt;get_worksheet_comment"></testcase>
    <testcase name="15 - Testing WorksheetController-&gt;put_worksheet_comment"></testcase>
    <testcase name="16 - Testing WorksheetController-&gt;post_worksheet_comment"></testcase>
    <testcase name="17 - Testing WorksheetController-&gt;delete_worksheet_comment"></testcase>
    <testcase name="18 - Testing WorksheetController-&gt;delete_worksheet_comments"></testcase>
    <testcase name="19 - Testing WorksheetController-&gt;get_worksheet_merged_cells"></testcase>
    <testcase name="20 - Testing WorksheetController-&gt;get_worksheet_merged_cell"></testcase>
    <testcase name="21 - Testing WorksheetController-&gt;get_worksheet_calculate_formula"></testcase>
    <testcase name="22 - Testing WorksheetController-&gt;post_worksheet_calculate_formula"></testcase>
    <testcase name="23 - Testing WorksheetController-&gt;post_worksheet_text_search"></testcase>
    <testcase name="24 - Testing WorksheetController-&gt;post_worksheet_text_replace"></testcase>
    <testcase name="25 - Testing WorksheetController-&gt;post_worksheet_range_sort"></testcase>
    <testcase name="26 - Testing WorksheetController-&gt;post_autofit_worksheet_row"></testcase>
    <testcase name="27 - Testing WorksheetController-&gt;post_autofit_worksheet_rows"></testcase>
    <testcase name="28 - Testing WorksheetController-&gt;post_autofit_worksheet_columns"></testcase>
    <testcase name="29 - Testing WorksheetController-&gt;put_worksheet_background"></testcase>
    <testcase name="30 - Testing WorksheetController-&gt;delete_worksheet_background"></testcase>
    <testcase name="31 - Testing WorksheetController-&gt;put_worksheet_freeze_panes"></testcase>
    <testcase name="32 - Testing WorksheetController-&gt;delete_worksheet_freeze_panes"></testcase>
    <testcase name="33 - Testing WorksheetController-&gt;post_copy_worksheet"></testcase>
    <testcase name="34 - Testing WorksheetController-&gt;post_rename_worksheet"></testcase>
    <testcase name="35 - Testing WorksheetController-&gt;post_update_worksheet_property"></testcase>
    <testcase name="36 - Testing WorksheetController-&gt;get_named_ranges"></testcase>
    <testcase name="37 - Testing WorksheetController-&gt;get_named_range_value"></testcase>
    <testcase name="38 - Testing WorksheetController-&gt;post_update_worksheet_zoom"></testcase>
    <testcase name="39 - Testing WorksheetController-&gt;get_worksheet_page_count"></testcase>
    <system-out><![CDATA[1..39
# Subtest: Testing WorksheetController->get_worksheets
    ok 1 - get_worksheets test OK
    1..1
ok 1 - Testing WorksheetController->get_worksheets
# Subtest: Testing WorksheetController->get_worksheet_with_format
    ok 1 - get_worksheet_with_format test OK
    1..1
ok 2 - Testing WorksheetController->get_worksheet_with_format
# Subtest: Testing WorksheetController->put_change_visibility_worksheet
    ok 1 - put_change_visibility_worksheet test OK
    1..1
ok 3 - Testing WorksheetController->put_change_visibility_worksheet
# Subtest: Testing WorksheetController->put_active_worksheet
    ok 1 - put_active_worksheet test OK
    1..1
ok 4 - Testing WorksheetController->put_active_worksheet
# Subtest: Testing WorksheetController->put_insert_new_worksheet
    ok 1 - put_insert_new_worksheet test OK
    1..1
ok 5 - Testing WorksheetController->put_insert_new_worksheet
# Subtest: Testing WorksheetController->put_add_new_worksheet
    ok 1 - put_add_new_worksheet test OK
    1..1
ok 6 - Testing WorksheetController->put_add_new_worksheet
# Subtest: Testing WorksheetController->delete_worksheet
    ok 1 - delete_worksheet test OK
    1..1
ok 7 - Testing WorksheetController->delete_worksheet
# Subtest: Testing WorksheetController->delete_worksheets
    ok 1 - delete_worksheets test OK
    1..1
ok 8 - Testing WorksheetController->delete_worksheets
# Subtest: Testing WorksheetController->post_move_worksheet
    ok 1 - post_move_worksheet test OK
    1..1
ok 9 - Testing WorksheetController->post_move_worksheet
# Subtest: Testing WorksheetController->put_protect_worksheet
    ok 1 - put_protect_worksheet test OK
    1..1
ok 10 - Testing WorksheetController->put_protect_worksheet
# Subtest: Testing WorksheetController->delete_unprotect_worksheet
    ok 1 - delete_unprotect_worksheet test OK
    1..1
ok 11 - Testing WorksheetController->delete_unprotect_worksheet
# Subtest: Testing WorksheetController->get_worksheet_text_items
    ok 1 - get_worksheet_text_items test OK
    1..1
ok 12 - Testing WorksheetController->get_worksheet_text_items
# Subtest: Testing WorksheetController->get_worksheet_comments
    ok 1 - get_worksheet_comments test OK
    1..1
ok 13 - Testing WorksheetController->get_worksheet_comments
# Subtest: Testing WorksheetController->get_worksheet_comment
    ok 1 - get_worksheet_comment test OK
    1..1
ok 14 - Testing WorksheetController->get_worksheet_comment
# Subtest: Testing WorksheetController->put_worksheet_comment
    ok 1 - put_worksheet_comment test OK
    1..1
ok 15 - Testing WorksheetController->put_worksheet_comment
# Subtest: Testing WorksheetController->post_worksheet_comment
    ok 1 - post_worksheet_comment test OK
    1..1
ok 16 - Testing WorksheetController->post_worksheet_comment
# Subtest: Testing WorksheetController->delete_worksheet_comment
    ok 1 - delete_worksheet_comment test OK
    1..1
ok 17 - Testing WorksheetController->delete_worksheet_comment
# Subtest: Testing WorksheetController->delete_worksheet_comments
    ok 1 - delete_worksheet_comments test OK
    1..1
ok 18 - Testing WorksheetController->delete_worksheet_comments
# Subtest: Testing WorksheetController->get_worksheet_merged_cells
    ok 1 - get_worksheet_merged_cells test OK
    1..1
ok 19 - Testing WorksheetController->get_worksheet_merged_cells
# Subtest: Testing WorksheetController->get_worksheet_merged_cell
    ok 1 - get_worksheet_merged_cell test OK
    1..1
ok 20 - Testing WorksheetController->get_worksheet_merged_cell
# Subtest: Testing WorksheetController->get_worksheet_calculate_formula
    ok 1 - get_worksheet_calculate_formula test OK
    1..1
ok 21 - Testing WorksheetController->get_worksheet_calculate_formula
# Subtest: Testing WorksheetController->post_worksheet_calculate_formula
    ok 1 - post_worksheet_calculate_formula test OK
    1..1
ok 22 - Testing WorksheetController->post_worksheet_calculate_formula
# Subtest: Testing WorksheetController->post_worksheet_text_search
    ok 1 - post_worksheet_text_search test OK
    1..1
ok 23 - Testing WorksheetController->post_worksheet_text_search
# Subtest: Testing WorksheetController->post_worksheet_text_replace
    ok 1 - post_worksheet_text_replace test OK
    1..1
ok 24 - Testing WorksheetController->post_worksheet_text_replace
# Subtest: Testing WorksheetController->post_worksheet_range_sort
    ok 1 - post_worksheet_range_sort test OK
    1..1
ok 25 - Testing WorksheetController->post_worksheet_range_sort
# Subtest: Testing WorksheetController->post_autofit_worksheet_row
    ok 1 - post_autofit_worksheet_row test OK
    1..1
ok 26 - Testing WorksheetController->post_autofit_worksheet_row
# Subtest: Testing WorksheetController->post_autofit_worksheet_rows
    ok 1 - post_autofit_worksheet_rows test OK
    1..1
ok 27 - Testing WorksheetController->post_autofit_worksheet_rows
# Subtest: Testing WorksheetController->post_autofit_worksheet_columns
    ok 1 - post_autofit_worksheet_columns test OK
    1..1
ok 28 - Testing WorksheetController->post_autofit_worksheet_columns
# Subtest: Testing WorksheetController->put_worksheet_background
    ok 1 - put_worksheet_background test OK
    1..1
ok 29 - Testing WorksheetController->put_worksheet_background
# Subtest: Testing WorksheetController->delete_worksheet_background
    ok 1 - delete_worksheet_background test OK
    1..1
ok 30 - Testing WorksheetController->delete_worksheet_background
# Subtest: Testing WorksheetController->put_worksheet_freeze_panes
    ok 1 - put_worksheet_freeze_panes test OK
    1..1
ok 31 - Testing WorksheetController->put_worksheet_freeze_panes
# Subtest: Testing WorksheetController->delete_worksheet_freeze_panes
    ok 1 - delete_worksheet_freeze_panes test OK
    1..1
ok 32 - Testing WorksheetController->delete_worksheet_freeze_panes
# Subtest: Testing WorksheetController->post_copy_worksheet
    ok 1 - post_copy_worksheet test OK
    1..1
ok 33 - Testing WorksheetController->post_copy_worksheet
# Subtest: Testing WorksheetController->post_rename_worksheet
    ok 1 - post_rename_worksheet test OK
    1..1
ok 34 - Testing WorksheetController->post_rename_worksheet
# Subtest: Testing WorksheetController->post_update_worksheet_property
    ok 1 - post_update_worksheet_property test OK
    1..1
ok 35 - Testing WorksheetController->post_update_worksheet_property
# Subtest: Testing WorksheetController->get_named_ranges
    ok 1 - get_named_ranges test OK
    1..1
ok 36 - Testing WorksheetController->get_named_ranges
# Subtest: Testing WorksheetController->get_named_range_value
    ok 1 - get_named_range_value test OK
    1..1
ok 37 - Testing WorksheetController->get_named_range_value
# Subtest: Testing WorksheetController->post_update_worksheet_zoom
    ok 1 - post_update_worksheet_zoom test OK
    1..1
ok 38 - Testing WorksheetController->post_update_worksheet_zoom
# Subtest: Testing WorksheetController->get_worksheet_page_count
    ok 1 - get_worksheet_page_count test OK
    1..1
ok 39 - Testing WorksheetController->get_worksheet_page_count
]]></system-out>
    <system-err></system-err>
  </testsuite>
  <testsuite name="t_worksheet_validations_controllerTest_t" failures="0" errors="0" tests="6">
    <testcase name="1 - Testing WorksheetValidationsController-&gt;get_worksheet_validations"></testcase>
    <testcase name="2 - Testing WorksheetValidationsController-&gt;get_worksheet_validation"></testcase>
    <testcase name="3 - Testing WorksheetValidationsController-&gt;put_worksheet_validation"></testcase>
    <testcase name="4 - Testing WorksheetValidationsController-&gt;post_worksheet_validation"></testcase>
    <testcase name="5 - Testing WorksheetValidationsController-&gt;delete_worksheet_validation"></testcase>
    <testcase name="6 - Testing WorksheetValidationsController-&gt;delete_worksheet_validations"></testcase>
    <system-out><![CDATA[1..6
# Subtest: Testing WorksheetValidationsController->get_worksheet_validations
    ok 1 - get_worksheet_validations test OK
    1..1
ok 1 - Testing WorksheetValidationsController->get_worksheet_validations
# Subtest: Testing WorksheetValidationsController->get_worksheet_validation
    ok 1 - get_worksheet_validation test OK
    1..1
ok 2 - Testing WorksheetValidationsController->get_worksheet_validation
# Subtest: Testing WorksheetValidationsController->put_worksheet_validation
    ok 1 - put_worksheet_validation test OK
    1..1
ok 3 - Testing WorksheetValidationsController->put_worksheet_validation
# Subtest: Testing WorksheetValidationsController->post_worksheet_validation
    ok 1 - post_worksheet_validation test OK
    1..1
ok 4 - Testing WorksheetValidationsController->post_worksheet_validation
# Subtest: Testing WorksheetValidationsController->delete_worksheet_validation
    ok 1 - delete_worksheet_validation test OK
    1..1
ok 5 - Testing WorksheetValidationsController->delete_worksheet_validation
# Subtest: Testing WorksheetValidationsController->delete_worksheet_validations
    ok 1 - delete_worksheet_validations test OK
    1..1
ok 6 - Testing WorksheetValidationsController->delete_worksheet_validations
]]></system-out>
    <system-err></system-err>
  </testsuite>
  <testsuite failures="0"
             name="t_xml_controllerTest_t"
             errors="0"
             tests="2">
    <testcase name="1 - Testing XmlController-&gt;post_workbook_export_xml"></testcase>
    <testcase name="2 - Testing XmlController-&gt;post_workbook_import_xml"></testcase>
    <system-out><![CDATA[1..2
# Subtest: Testing XmlController->post_workbook_export_xml
    ok 1 - post_workbook_export_xml test OK
    1..1
ok 1 - Testing XmlController->post_workbook_export_xml
# Subtest: Testing XmlController->post_workbook_import_xml
    ok 1 - post_workbook_import_xml test OK
    1..1
ok 2 - Testing XmlController->post_workbook_import_xml
]]></system-out>
    <system-err></system-err>
  </testsuite>
</testsuites>